This is pdfTeX, Version 3.14159265-2.6-1.40.15 (TeX Live 2014) (preloaded format=pdflatex 2014.11.3)  11 JAN 2015 20:35
entering extended mode
 restricted \write18 enabled.
 %&-line parsing enabled.
**tcc.tex
(./tcc.tex
LaTeX2e <2014/05/01>
Babel <3.9k> and hyphenation patterns for 78 languages loaded.
(/usr/local/texlive/2014/texmf-dist/tex/latex/base/book.cls
Document Class: book 2007/10/19 v1.4h Standard LaTeX document class
(/usr/local/texlive/2014/texmf-dist/tex/latex/base/fleqn.clo
File: fleqn.clo 1998/08/17 v1.1c Standard LaTeX option (flush left equations)
\mathindent=\dimen102
)
(/usr/local/texlive/2014/texmf-dist/tex/latex/base/bk12.clo
File: bk12.clo 2007/10/19 v1.4h Standard LaTeX file (size option)
)
\c@part=\count79
\c@chapter=\count80
\c@section=\count81
\c@subsection=\count82
\c@subsubsection=\count83
\c@paragraph=\count84
\c@subparagraph=\count85
\c@figure=\count86
\c@table=\count87
\abovecaptionskip=\skip41
\belowcaptionskip=\skip42
\bibindent=\dimen103
)
(/usr/local/texlive/2014/texmf-dist/tex/generic/babel/babel.sty
Package: babel 2014/03/24 3.9k The Babel package

(/usr/local/texlive/2014/texmf-dist/tex/generic/babel-portuges/portuges.ldf
Language: portuges 2008/03/18 v1.2q Portuguese support from the babel system

(/usr/local/texlive/2014/texmf-dist/tex/generic/babel/babel.def
File: babel.def 2014/03/24 3.9k Babel common definitions
\babel@savecnt=\count88
\U@D=\dimen104
)
\l@brazil = a dialect from \language\l@portuges 
Package babel Info: Making " an active character on input line 145.
))
(/usr/local/texlive/2014/texmf-dist/tex/latex/base/inputenc.sty
Package: inputenc 2014/04/30 v1.2b Input encoding file
\inpenc@prehook=\toks14
\inpenc@posthook=\toks15

(/usr/local/texlive/2014/texmf-dist/tex/latex/base/utf8.def
File: utf8.def 2008/04/05 v1.1m UTF-8 support for inputenc
Now handling font encoding OML ...
... no UTF-8 mapping file for font encoding OML
Now handling font encoding T1 ...
... processing UTF-8 mapping file for font encoding T1

(/usr/local/texlive/2014/texmf-dist/tex/latex/base/t1enc.dfu
File: t1enc.dfu 2008/04/05 v1.1m UTF-8 support for inputenc
   defining Unicode char U+00A1 (decimal 161)
   defining Unicode char U+00A3 (decimal 163)
   defining Unicode char U+00AB (decimal 171)
   defining Unicode char U+00BB (decimal 187)
   defining Unicode char U+00BF (decimal 191)
   defining Unicode char U+00C0 (decimal 192)
   defining Unicode char U+00C1 (decimal 193)
   defining Unicode char U+00C2 (decimal 194)
   defining Unicode char U+00C3 (decimal 195)
   defining Unicode char U+00C4 (decimal 196)
   defining Unicode char U+00C5 (decimal 197)
   defining Unicode char U+00C6 (decimal 198)
   defining Unicode char U+00C7 (decimal 199)
   defining Unicode char U+00C8 (decimal 200)
   defining Unicode char U+00C9 (decimal 201)
   defining Unicode char U+00CA (decimal 202)
   defining Unicode char U+00CB (decimal 203)
   defining Unicode char U+00CC (decimal 204)
   defining Unicode char U+00CD (decimal 205)
   defining Unicode char U+00CE (decimal 206)
   defining Unicode char U+00CF (decimal 207)
   defining Unicode char U+00D0 (decimal 208)
   defining Unicode char U+00D1 (decimal 209)
   defining Unicode char U+00D2 (decimal 210)
   defining Unicode char U+00D3 (decimal 211)
   defining Unicode char U+00D4 (decimal 212)
   defining Unicode char U+00D5 (decimal 213)
   defining Unicode char U+00D6 (decimal 214)
   defining Unicode char U+00D8 (decimal 216)
   defining Unicode char U+00D9 (decimal 217)
   defining Unicode char U+00DA (decimal 218)
   defining Unicode char U+00DB (decimal 219)
   defining Unicode char U+00DC (decimal 220)
   defining Unicode char U+00DD (decimal 221)
   defining Unicode char U+00DE (decimal 222)
   defining Unicode char U+00DF (decimal 223)
   defining Unicode char U+00E0 (decimal 224)
   defining Unicode char U+00E1 (decimal 225)
   defining Unicode char U+00E2 (decimal 226)
   defining Unicode char U+00E3 (decimal 227)
   defining Unicode char U+00E4 (decimal 228)
   defining Unicode char U+00E5 (decimal 229)
   defining Unicode char U+00E6 (decimal 230)
   defining Unicode char U+00E7 (decimal 231)
   defining Unicode char U+00E8 (decimal 232)
   defining Unicode char U+00E9 (decimal 233)
   defining Unicode char U+00EA (decimal 234)
   defining Unicode char U+00EB (decimal 235)
   defining Unicode char U+00EC (decimal 236)
   defining Unicode char U+00ED (decimal 237)
   defining Unicode char U+00EE (decimal 238)
   defining Unicode char U+00EF (decimal 239)
   defining Unicode char U+00F0 (decimal 240)
   defining Unicode char U+00F1 (decimal 241)
   defining Unicode char U+00F2 (decimal 242)
   defining Unicode char U+00F3 (decimal 243)
   defining Unicode char U+00F4 (decimal 244)
   defining Unicode char U+00F5 (decimal 245)
   defining Unicode char U+00F6 (decimal 246)
   defining Unicode char U+00F8 (decimal 248)
   defining Unicode char U+00F9 (decimal 249)
   defining Unicode char U+00FA (decimal 250)
   defining Unicode char U+00FB (decimal 251)
   defining Unicode char U+00FC (decimal 252)
   defining Unicode char U+00FD (decimal 253)
   defining Unicode char U+00FE (decimal 254)
   defining Unicode char U+00FF (decimal 255)
   defining Unicode char U+0102 (decimal 258)
   defining Unicode char U+0103 (decimal 259)
   defining Unicode char U+0104 (decimal 260)
   defining Unicode char U+0105 (decimal 261)
   defining Unicode char U+0106 (decimal 262)
   defining Unicode char U+0107 (decimal 263)
   defining Unicode char U+010C (decimal 268)
   defining Unicode char U+010D (decimal 269)
   defining Unicode char U+010E (decimal 270)
   defining Unicode char U+010F (decimal 271)
   defining Unicode char U+0110 (decimal 272)
   defining Unicode char U+0111 (decimal 273)
   defining Unicode char U+0118 (decimal 280)
   defining Unicode char U+0119 (decimal 281)
   defining Unicode char U+011A (decimal 282)
   defining Unicode char U+011B (decimal 283)
   defining Unicode char U+011E (decimal 286)
   defining Unicode char U+011F (decimal 287)
   defining Unicode char U+0130 (decimal 304)
   defining Unicode char U+0131 (decimal 305)
   defining Unicode char U+0132 (decimal 306)
   defining Unicode char U+0133 (decimal 307)
   defining Unicode char U+0139 (decimal 313)
   defining Unicode char U+013A (decimal 314)
   defining Unicode char U+013D (decimal 317)
   defining Unicode char U+013E (decimal 318)
   defining Unicode char U+0141 (decimal 321)
   defining Unicode char U+0142 (decimal 322)
   defining Unicode char U+0143 (decimal 323)
   defining Unicode char U+0144 (decimal 324)
   defining Unicode char U+0147 (decimal 327)
   defining Unicode char U+0148 (decimal 328)
   defining Unicode char U+014A (decimal 330)
   defining Unicode char U+014B (decimal 331)
   defining Unicode char U+0150 (decimal 336)
   defining Unicode char U+0151 (decimal 337)
   defining Unicode char U+0152 (decimal 338)
   defining Unicode char U+0153 (decimal 339)
   defining Unicode char U+0154 (decimal 340)
   defining Unicode char U+0155 (decimal 341)
   defining Unicode char U+0158 (decimal 344)
   defining Unicode char U+0159 (decimal 345)
   defining Unicode char U+015A (decimal 346)
   defining Unicode char U+015B (decimal 347)
   defining Unicode char U+015E (decimal 350)
   defining Unicode char U+015F (decimal 351)
   defining Unicode char U+0160 (decimal 352)
   defining Unicode char U+0161 (decimal 353)
   defining Unicode char U+0162 (decimal 354)
   defining Unicode char U+0163 (decimal 355)
   defining Unicode char U+0164 (decimal 356)
   defining Unicode char U+0165 (decimal 357)
   defining Unicode char U+016E (decimal 366)
   defining Unicode char U+016F (decimal 367)
   defining Unicode char U+0170 (decimal 368)
   defining Unicode char U+0171 (decimal 369)
   defining Unicode char U+0178 (decimal 376)
   defining Unicode char U+0179 (decimal 377)
   defining Unicode char U+017A (decimal 378)
   defining Unicode char U+017B (decimal 379)
   defining Unicode char U+017C (decimal 380)
   defining Unicode char U+017D (decimal 381)
   defining Unicode char U+017E (decimal 382)
   defining Unicode char U+200C (decimal 8204)
   defining Unicode char U+2013 (decimal 8211)
   defining Unicode char U+2014 (decimal 8212)
   defining Unicode char U+2018 (decimal 8216)
   defining Unicode char U+2019 (decimal 8217)
   defining Unicode char U+201A (decimal 8218)
   defining Unicode char U+201C (decimal 8220)
   defining Unicode char U+201D (decimal 8221)
   defining Unicode char U+201E (decimal 8222)
   defining Unicode char U+2030 (decimal 8240)
   defining Unicode char U+2031 (decimal 8241)
   defining Unicode char U+2039 (decimal 8249)
   defining Unicode char U+203A (decimal 8250)
   defining Unicode char U+2423 (decimal 9251)
)
Now handling font encoding OT1 ...
... processing UTF-8 mapping file for font encoding OT1

(/usr/local/texlive/2014/texmf-dist/tex/latex/base/ot1enc.dfu
File: ot1enc.dfu 2008/04/05 v1.1m UTF-8 support for inputenc
   defining Unicode char U+00A1 (decimal 161)
   defining Unicode char U+00A3 (decimal 163)
   defining Unicode char U+00B8 (decimal 184)
   defining Unicode char U+00BF (decimal 191)
   defining Unicode char U+00C5 (decimal 197)
   defining Unicode char U+00C6 (decimal 198)
   defining Unicode char U+00D8 (decimal 216)
   defining Unicode char U+00DF (decimal 223)
   defining Unicode char U+00E6 (decimal 230)
   defining Unicode char U+00EC (decimal 236)
   defining Unicode char U+00ED (decimal 237)
   defining Unicode char U+00EE (decimal 238)
   defining Unicode char U+00EF (decimal 239)
   defining Unicode char U+00F8 (decimal 248)
   defining Unicode char U+0131 (decimal 305)
   defining Unicode char U+0141 (decimal 321)
   defining Unicode char U+0142 (decimal 322)
   defining Unicode char U+0152 (decimal 338)
   defining Unicode char U+0153 (decimal 339)
   defining Unicode char U+2013 (decimal 8211)
   defining Unicode char U+2014 (decimal 8212)
   defining Unicode char U+2018 (decimal 8216)
   defining Unicode char U+2019 (decimal 8217)
   defining Unicode char U+201C (decimal 8220)
   defining Unicode char U+201D (decimal 8221)
)
Now handling font encoding OMS ...
... processing UTF-8 mapping file for font encoding OMS

(/usr/local/texlive/2014/texmf-dist/tex/latex/base/omsenc.dfu
File: omsenc.dfu 2008/04/05 v1.1m UTF-8 support for inputenc
   defining Unicode char U+00A7 (decimal 167)
   defining Unicode char U+00B6 (decimal 182)
   defining Unicode char U+00B7 (decimal 183)
   defining Unicode char U+2020 (decimal 8224)
   defining Unicode char U+2021 (decimal 8225)
   defining Unicode char U+2022 (decimal 8226)
)
Now handling font encoding OMX ...
... no UTF-8 mapping file for font encoding OMX
Now handling font encoding U ...
... no UTF-8 mapping file for font encoding U
   defining Unicode char U+00A9 (decimal 169)
   defining Unicode char U+00AA (decimal 170)
   defining Unicode char U+00AE (decimal 174)
   defining Unicode char U+00BA (decimal 186)
   defining Unicode char U+02C6 (decimal 710)
   defining Unicode char U+02DC (decimal 732)
   defining Unicode char U+200C (decimal 8204)
   defining Unicode char U+2026 (decimal 8230)
   defining Unicode char U+2122 (decimal 8482)
   defining Unicode char U+2423 (decimal 9251)
))
(/usr/local/texlive/2014/texmf-dist/tex/latex/fancyhdr/fancyhdr.sty
\fancy@headwidth=\skip43
\f@ncyO@elh=\skip44
\f@ncyO@erh=\skip45
\f@ncyO@olh=\skip46
\f@ncyO@orh=\skip47
\f@ncyO@elf=\skip48
\f@ncyO@erf=\skip49
\f@ncyO@olf=\skip50
\f@ncyO@orf=\skip51
)
(/usr/local/texlive/2014/texmf-dist/tex/latex/tools/indentfirst.sty
Package: indentfirst 1995/11/23 v1.03 Indent first paragraph (DPC)
)
(/usr/local/texlive/2014/texmf-dist/tex/latex/float/float.sty
Package: float 2001/11/08 v1.3d Float enhancements (AL)
\c@float@type=\count89
\float@exts=\toks16
\float@box=\box26
\@float@everytoks=\toks17
\@floatcapt=\box27
)
(/usr/local/texlive/2014/texmf-dist/tex/latex/nomencl/nomencl.sty
Package: nomencl 2005/09/22 v4.2 Nomenclature package (LN)
\nomlabelwidth=\dimen105
\nom@tempdim=\dimen106
\nomitemsep=\skip52
)
(/usr/local/texlive/2014/texmf-dist/tex/latex/multirow/multirow.sty
\bigstrutjot=\dimen107
)
(/usr/local/texlive/2014/texmf-dist/tex/latex/caption/caption.sty
Package: caption 2013/05/02 v3.3-89 Customizing captions (AR)

(/usr/local/texlive/2014/texmf-dist/tex/latex/caption/caption3.sty
Package: caption3 2013/05/02 v1.6-88 caption3 kernel (AR)
Package caption3 Info: TeX engine: e-TeX on input line 57.

(/usr/local/texlive/2014/texmf-dist/tex/latex/graphics/keyval.sty
Package: keyval 2014/05/08 v1.15 key=value parser (DPC)
\KV@toks@=\toks18
)
\captionmargin=\dimen108
\captionmargin@=\dimen109
\captionwidth=\dimen110
\caption@tempdima=\dimen111
\caption@indent=\dimen112
\caption@parindent=\dimen113
\caption@hangindent=\dimen114
)
\c@ContinuedFloat=\count90
Package caption Info: float package is loaded.
)
(/usr/local/texlive/2014/texmf-dist/tex/latex/tools/array.sty
Package: array 2008/09/09 v2.4c Tabular extension package (FMi)
\col@sep=\dimen115
\extrarowheight=\dimen116
\NC@list=\toks19
\extratabsurround=\skip53
\backup@length=\skip54
)
(/usr/local/texlive/2014/texmf-dist/tex/latex/ltablex/ltablex.sty
Package: ltablex 1995/11/06 v1.0 Modified tabularx

(/usr/local/texlive/2014/texmf-dist/tex/latex/tools/longtable.sty
Package: longtable 2004/02/01 v4.11 Multi-page Table package (DPC)
\LTleft=\skip55
\LTright=\skip56
\LTpre=\skip57
\LTpost=\skip58
\LTchunksize=\count91
\LTcapwidth=\dimen117
\LT@head=\box28
\LT@firsthead=\box29
\LT@foot=\box30
\LT@lastfoot=\box31
\LT@cols=\count92
\LT@rows=\count93
\c@LT@tables=\count94
\c@LT@chunks=\count95
\LT@p@ftn=\toks20
)
(/usr/local/texlive/2014/texmf-dist/tex/latex/tools/tabularx.sty
Package: tabularx 2014/05/13 v2.10 `tabularx' package (DPC)
\TX@col@width=\dimen118
\TX@old@table=\dimen119
\TX@old@col=\dimen120
\TX@target=\dimen121
\TX@delta=\dimen122
\TX@cols=\count96
\TX@ftn=\toks21
))
(/usr/local/texlive/2014/texmf-dist/tex/latex/graphics/graphicx.sty
Package: graphicx 2014/04/25 v1.0g Enhanced LaTeX Graphics (DPC,SPQR)

(/usr/local/texlive/2014/texmf-dist/tex/latex/graphics/graphics.sty
Package: graphics 2009/02/05 v1.0o Standard LaTeX Graphics (DPC,SPQR)

(/usr/local/texlive/2014/texmf-dist/tex/latex/graphics/trig.sty
Package: trig 1999/03/16 v1.09 sin cos tan (DPC)
)
(/usr/local/texlive/2014/texmf-dist/tex/latex/latexconfig/graphics.cfg
File: graphics.cfg 2010/04/23 v1.9 graphics configuration of TeX Live
)
Package graphics Info: Driver file: pdftex.def on input line 91.

(/usr/local/texlive/2014/texmf-dist/tex/latex/pdftex-def/pdftex.def
File: pdftex.def 2011/05/27 v0.06d Graphics/color for pdfTeX

(/usr/local/texlive/2014/texmf-dist/tex/generic/oberdiek/infwarerr.sty
Package: infwarerr 2010/04/08 v1.3 Providing info/warning/error messages (HO)
)
(/usr/local/texlive/2014/texmf-dist/tex/generic/oberdiek/ltxcmds.sty
Package: ltxcmds 2011/11/09 v1.22 LaTeX kernel commands for general use (HO)
)
\Gread@gobject=\count97
))
\Gin@req@height=\dimen123
\Gin@req@width=\dimen124
)
(/usr/local/texlive/2014/texmf-dist/tex/latex/amsfonts/amsfonts.sty
Package: amsfonts 2013/01/14 v3.01 Basic AMSFonts support
\@emptytoks=\toks22
\symAMSa=\mathgroup4
\symAMSb=\mathgroup5
LaTeX Font Info:    Overwriting math alphabet `\mathfrak' in version `bold'
(Font)                  U/euf/m/n --> U/euf/b/n on input line 106.
)
(/usr/local/texlive/2014/texmf-dist/tex/latex/amscls/amsthm.sty
Package: amsthm 2004/08/06 v2.20
\thm@style=\toks23
\thm@bodyfont=\toks24
\thm@headfont=\toks25
\thm@notefont=\toks26
\thm@headpunct=\toks27
\thm@preskip=\skip59
\thm@postskip=\skip60
\thm@headsep=\skip61
\dth@everypar=\toks28
)
(/usr/local/texlive/2014/texmf-dist/tex/latex/amsmath/amsopn.sty
Package: amsopn 1999/12/14 v2.01 operator names

(/usr/local/texlive/2014/texmf-dist/tex/latex/amsmath/amsgen.sty
File: amsgen.sty 1999/11/30 v2.0
\@emptytoks=\toks29
\ex@=\dimen125
))
(/usr/local/texlive/2014/texmf-dist/tex/latex/amsfonts/amssymb.sty
Package: amssymb 2013/01/14 v3.01 AMS font symbols
)
(/usr/local/texlive/2014/texmf-dist/tex/latex/base/latexsym.sty
Package: latexsym 1998/08/17 v2.2e Standard LaTeX package (lasy symbols)
\symlasy=\mathgroup6
LaTeX Font Info:    Overwriting symbol font `lasy' in version `bold'
(Font)                  U/lasy/m/n --> U/lasy/b/n on input line 47.
)
(/usr/local/texlive/2014/texmf-dist/tex/latex/geometry/geometry.sty
Package: geometry 2010/09/12 v5.6 Page Geometry

(/usr/local/texlive/2014/texmf-dist/tex/generic/oberdiek/ifpdf.sty
Package: ifpdf 2011/01/30 v2.3 Provides the ifpdf switch (HO)
Package ifpdf Info: pdfTeX in PDF mode is detected.
)
(/usr/local/texlive/2014/texmf-dist/tex/generic/oberdiek/ifvtex.sty
Package: ifvtex 2010/03/01 v1.5 Detect VTeX and its facilities (HO)
Package ifvtex Info: VTeX not detected.
)
(/usr/local/texlive/2014/texmf-dist/tex/generic/ifxetex/ifxetex.sty
Package: ifxetex 2010/09/12 v0.6 Provides ifxetex conditional
)
\Gm@cnth=\count98
\Gm@cntv=\count99
\c@Gm@tempcnt=\count100
\Gm@bindingoffset=\dimen126
\Gm@wd@mp=\dimen127
\Gm@odd@mp=\dimen128
\Gm@even@mp=\dimen129
\Gm@layoutwidth=\dimen130
\Gm@layoutheight=\dimen131
\Gm@layouthoffset=\dimen132
\Gm@layoutvoffset=\dimen133
\Gm@dimlist=\toks30
)
(/usr/local/texlive/2014/texmf-dist/tex/latex/amsmath/amsmath.sty
Package: amsmath 2013/01/14 v2.14 AMS math features
\@mathmargin=\skip62

For additional information on amsmath, use the `?' option.
(/usr/local/texlive/2014/texmf-dist/tex/latex/amsmath/amstext.sty
Package: amstext 2000/06/29 v2.01
)
(/usr/local/texlive/2014/texmf-dist/tex/latex/amsmath/amsbsy.sty
Package: amsbsy 1999/11/29 v1.2d
\pmbraise@=\dimen134
)
\inf@bad=\count101
LaTeX Info: Redefining \frac on input line 210.
\uproot@=\count102
\leftroot@=\count103
LaTeX Info: Redefining \overline on input line 306.
\classnum@=\count104
\DOTSCASE@=\count105
LaTeX Info: Redefining \ldots on input line 378.
LaTeX Info: Redefining \dots on input line 381.
LaTeX Info: Redefining \cdots on input line 466.
\Mathstrutbox@=\box32
\strutbox@=\box33
\big@size=\dimen135
LaTeX Font Info:    Redeclaring font encoding OML on input line 566.
LaTeX Font Info:    Redeclaring font encoding OMS on input line 567.
\macc@depth=\count106
\c@MaxMatrixCols=\count107
\dotsspace@=\muskip10
\c@parentequation=\count108
\dspbrk@lvl=\count109
\tag@help=\toks31
\row@=\count110
\column@=\count111
\maxfields@=\count112
\andhelp@=\toks32
\eqnshift@=\dimen136
\alignsep@=\dimen137
\tagshift@=\dimen138
\tagwidth@=\dimen139
\totwidth@=\dimen140
\lineht@=\dimen141
\@envbody=\toks33
\multlinegap=\skip63
\multlinetaggap=\skip64
\mathdisplay@stack=\toks34
LaTeX Info: Redefining \[ on input line 2665.
LaTeX Info: Redefining \] on input line 2666.
)
(/usr/local/texlive/2014/texmf-dist/tex/latex/hyperref/hyperref.sty
Package: hyperref 2012/11/06 v6.83m Hypertext links for LaTeX

(/usr/local/texlive/2014/texmf-dist/tex/generic/oberdiek/hobsub-hyperref.sty
Package: hobsub-hyperref 2012/05/28 v1.13 Bundle oberdiek, subset hyperref (HO)


(/usr/local/texlive/2014/texmf-dist/tex/generic/oberdiek/hobsub-generic.sty
Package: hobsub-generic 2012/05/28 v1.13 Bundle oberdiek, subset generic (HO)
Package: hobsub 2012/05/28 v1.13 Construct package bundles (HO)
Package hobsub Info: Skipping package `infwarerr' (already loaded).
Package hobsub Info: Skipping package `ltxcmds' (already loaded).
Package: ifluatex 2010/03/01 v1.3 Provides the ifluatex switch (HO)
Package ifluatex Info: LuaTeX not detected.
Package hobsub Info: Skipping package `ifvtex' (already loaded).
Package: intcalc 2007/09/27 v1.1 Expandable calculations with integers (HO)
Package hobsub Info: Skipping package `ifpdf' (already loaded).
Package: etexcmds 2011/02/16 v1.5 Avoid name clashes with e-TeX commands (HO)
Package etexcmds Info: Could not find \expanded.
(etexcmds)             That can mean that you are not using pdfTeX 1.50 or
(etexcmds)             that some package has redefined \expanded.
(etexcmds)             In the latter case, load this package earlier.
Package: kvsetkeys 2012/04/25 v1.16 Key value parser (HO)
Package: kvdefinekeys 2011/04/07 v1.3 Define keys (HO)
Package: pdftexcmds 2011/11/29 v0.20 Utility functions of pdfTeX for LuaTeX (HO
)
Package pdftexcmds Info: LuaTeX not detected.
Package pdftexcmds Info: \pdf@primitive is available.
Package pdftexcmds Info: \pdf@ifprimitive is available.
Package pdftexcmds Info: \pdfdraftmode found.
Package: pdfescape 2011/11/25 v1.13 Implements pdfTeX's escape features (HO)
Package: bigintcalc 2012/04/08 v1.3 Expandable calculations on big integers (HO
)
Package: bitset 2011/01/30 v1.1 Handle bit-vector datatype (HO)
Package: uniquecounter 2011/01/30 v1.2 Provide unlimited unique counter (HO)
)
Package hobsub Info: Skipping package `hobsub' (already loaded).
Package: letltxmacro 2010/09/02 v1.4 Let assignment for LaTeX macros (HO)
Package: hopatch 2012/05/28 v1.2 Wrapper for package hooks (HO)
Package: xcolor-patch 2011/01/30 xcolor patch
Package: atveryend 2011/06/30 v1.8 Hooks at the very end of document (HO)
Package atveryend Info: \enddocument detected (standard20110627).
Package: atbegshi 2011/10/05 v1.16 At begin shipout hook (HO)
Package: refcount 2011/10/16 v3.4 Data extraction from label references (HO)
Package: hycolor 2011/01/30 v1.7 Color options for hyperref/bookmark (HO)
)
(/usr/local/texlive/2014/texmf-dist/tex/latex/oberdiek/auxhook.sty
Package: auxhook 2011/03/04 v1.3 Hooks for auxiliary files (HO)
)
(/usr/local/texlive/2014/texmf-dist/tex/latex/oberdiek/kvoptions.sty
Package: kvoptions 2011/06/30 v3.11 Key value format for package options (HO)
)
\@linkdim=\dimen142
\Hy@linkcounter=\count113
\Hy@pagecounter=\count114

(/usr/local/texlive/2014/texmf-dist/tex/latex/hyperref/pd1enc.def
File: pd1enc.def 2012/11/06 v6.83m Hyperref: PDFDocEncoding definition (HO)
Now handling font encoding PD1 ...
... no UTF-8 mapping file for font encoding PD1
)
\Hy@SavedSpaceFactor=\count115

(/usr/local/texlive/2014/texmf-dist/tex/latex/latexconfig/hyperref.cfg
File: hyperref.cfg 2002/06/06 v1.2 hyperref configuration of TeXLive
)
Package hyperref Info: Hyper figures OFF on input line 4443.
Package hyperref Info: Link nesting OFF on input line 4448.
Package hyperref Info: Hyper index ON on input line 4451.
Package hyperref Info: Plain pages OFF on input line 4458.
Package hyperref Info: Backreferencing OFF on input line 4463.
Package hyperref Info: Implicit mode ON; LaTeX internals redefined.
Package hyperref Info: Bookmarks ON on input line 4688.
\c@Hy@tempcnt=\count116

(/usr/local/texlive/2014/texmf-dist/tex/latex/url/url.sty
\Urlmuskip=\muskip11
Package: url 2013/09/16  ver 3.4  Verb mode for urls, etc.
)
LaTeX Info: Redefining \url on input line 5041.
\XeTeXLinkMargin=\dimen143
\Fld@menulength=\count117
\Field@Width=\dimen144
\Fld@charsize=\dimen145
Package hyperref Info: Hyper figures OFF on input line 6295.
Package hyperref Info: Link nesting OFF on input line 6300.
Package hyperref Info: Hyper index ON on input line 6303.
Package hyperref Info: backreferencing OFF on input line 6310.
Package hyperref Info: Link coloring OFF on input line 6315.
Package hyperref Info: Link coloring with OCG OFF on input line 6320.
Package hyperref Info: PDF/A mode OFF on input line 6325.
LaTeX Info: Redefining \ref on input line 6365.
LaTeX Info: Redefining \pageref on input line 6369.
\Hy@abspage=\count118
\c@Item=\count119
\c@Hfootnote=\count120
)

Package hyperref Message: Driver (autodetected): hpdftex.

(/usr/local/texlive/2014/texmf-dist/tex/latex/hyperref/hpdftex.def
File: hpdftex.def 2012/11/06 v6.83m Hyperref driver for pdfTeX
\Fld@listcount=\count121
\c@bookmark@seq@number=\count122

(/usr/local/texlive/2014/texmf-dist/tex/latex/oberdiek/rerunfilecheck.sty
Package: rerunfilecheck 2011/04/15 v1.7 Rerun checks for auxiliary files (HO)
Package uniquecounter Info: New unique counter `rerunfilecheck' on input line 2
82.
)
\Hy@SectionHShift=\skip65
)
(/usr/local/texlive/2014/texmf-dist/tex/latex/graphics/color.sty
Package: color 2014/04/23 v1.1a Standard LaTeX Color (DPC)

(/usr/local/texlive/2014/texmf-dist/tex/latex/latexconfig/color.cfg
File: color.cfg 2007/01/18 v1.5 color configuration of teTeX/TeXLive
)
Package color Info: Driver file: pdftex.def on input line 137.
)
(/usr/local/texlive/2014/texmf-dist/tex/latex/ntgclass/a4.sty
Package: a4 2004/04/15 v1.2g A4 based page layout
)
\c@teo=\count123
\@nomenclaturefile=\write3
\openout3 = `tcc.nlo'.


Writing nomenclature file tcc.nlo
(./tcc.aux (./prefacios/capa/capa.aux) (./prefacios/folha_rosto/folha_rosto.aux
) (./prefacios/resumo/resumo.aux) (./prefacios/abstract/abstract.aux)
(./capitulos/introducao/introducao.aux) (./capitulos/literatura/literatura.aux)
(./capitulos/las/analise_las.aux) (./capitulos/validacao/validacao.aux)
(./capitulos/conclusoes/conclusoes.aux))
\openout1 = `tcc.aux'.

LaTeX Font Info:    Checking defaults for OML/cmm/m/it on input line 76.
LaTeX Font Info:    ... okay on input line 76.
LaTeX Font Info:    Checking defaults for T1/cmr/m/n on input line 76.
LaTeX Font Info:    ... okay on input line 76.
LaTeX Font Info:    Checking defaults for OT1/cmr/m/n on input line 76.
LaTeX Font Info:    ... okay on input line 76.
LaTeX Font Info:    Checking defaults for OMS/cmsy/m/n on input line 76.
LaTeX Font Info:    ... okay on input line 76.
LaTeX Font Info:    Checking defaults for OMX/cmex/m/n on input line 76.
LaTeX Font Info:    ... okay on input line 76.
LaTeX Font Info:    Checking defaults for U/cmr/m/n on input line 76.
LaTeX Font Info:    ... okay on input line 76.
LaTeX Font Info:    Checking defaults for PD1/pdf/m/n on input line 76.
LaTeX Font Info:    ... okay on input line 76.
Package caption Info: Begin \AtBeginDocument code.
Package caption Info: hyperref package is loaded.
Package caption Info: longtable package is loaded.

(/usr/local/texlive/2014/texmf-dist/tex/latex/caption/ltcaption.sty
Package: ltcaption 2013/02/03 v1.3-62 longtable captions (AR)
)
Package caption Info: End \AtBeginDocument code.

(/usr/local/texlive/2014/texmf-dist/tex/context/base/supp-pdf.mkii
[Loading MPS to PDF converter (version 2006.09.02).]
\scratchcounter=\count124
\scratchdimen=\dimen146
\scratchbox=\box34
\nofMPsegments=\count125
\nofMParguments=\count126
\everyMPshowfont=\toks35
\MPscratchCnt=\count127
\MPscratchDim=\dimen147
\MPnumerator=\count128
\makeMPintoPDFobject=\count129
\everyMPtoPDFconversion=\toks36
) (/usr/local/texlive/2014/texmf-dist/tex/latex/oberdiek/epstopdf-base.sty
Package: epstopdf-base 2010/02/09 v2.5 Base part for package epstopdf

(/usr/local/texlive/2014/texmf-dist/tex/latex/oberdiek/grfext.sty
Package: grfext 2010/08/19 v1.1 Manage graphics extensions (HO)
)
Package grfext Info: Graphics extension search list:
(grfext)             [.png,.pdf,.jpg,.mps,.jpeg,.jbig2,.jb2,.PNG,.PDF,.JPG,.JPE
G,.JBIG2,.JB2,.eps]
(grfext)             \AppendGraphicsExtensions on input line 452.

(/usr/local/texlive/2014/texmf-dist/tex/latex/latexconfig/epstopdf-sys.cfg
File: epstopdf-sys.cfg 2010/07/13 v1.3 Configuration of (r)epstopdf for TeX Liv
e
))
*geometry* driver: auto-detecting
*geometry* detected driver: pdftex
*geometry* verbose mode - [ preamble ] result:
* driver: pdftex
* paper: <default>
* layout: <same size as paper>
* layoutoffset:(h,v)=(0.0pt,0.0pt)
* modes: 
* h-part:(L,W,R)=(92.14519pt, 430.00462pt, 92.14519pt)
* v-part:(T,H,B)=(95.39737pt, 556.47656pt, 143.09605pt)
* \paperwidth=614.295pt
* \paperheight=794.96999pt
* \textwidth=469.47046pt
* \textheight=650.43pt
* \oddsidemargin=-2.84544pt
* \evensidemargin=14.45377pt
* \topmargin=-28.45274pt
* \headheight=12.0pt
* \headsep=19.8738pt
* \topskip=12.0pt
* \footskip=30.0pt
* \marginparwidth=57.81621pt
* \marginparsep=7.0pt
* \columnsep=10.0pt
* \skip\footins=10.8pt plus 4.0pt minus 2.0pt
* \hoffset=0.0pt
* \voffset=0.0pt
* \mag=1000
* \@twocolumnfalse
* \@twosidefalse
* \@mparswitchfalse
* \@reversemarginfalse
* (1in=72.27pt=25.4mm, 1cm=28.453pt)

\AtBeginShipoutBox=\box35
Package hyperref Info: Link coloring OFF on input line 76.
(/usr/local/texlive/2014/texmf-dist/tex/latex/hyperref/nameref.sty
Package: nameref 2012/10/27 v2.43 Cross-referencing by name of section

(/usr/local/texlive/2014/texmf-dist/tex/generic/oberdiek/gettitlestring.sty
Package: gettitlestring 2010/12/03 v1.4 Cleanup title references (HO)
)
\c@section@level=\count130
)
LaTeX Info: Redefining \ref on input line 76.
LaTeX Info: Redefining \pageref on input line 76.
LaTeX Info: Redefining \nameref on input line 76.

(./tcc.out) (./tcc.out)
\@outlinefile=\write4
\openout4 = `tcc.out'.

\openout2 = `prefacios/capa/capa.aux'.

 (./prefacios/capa/capa.tex
Package epstopdf Info: Source file: <prefacios/capa/logo-ufrpe.eps>
(epstopdf)                    date: 2014-11-03 21:10:36
(epstopdf)                    size: 41608 bytes
(epstopdf)             Output file: <prefacios/capa/logo-ufrpe-eps-converted-to
.pdf>
(epstopdf)                    date: 2014-11-11 19:05:28
(epstopdf)                    size: 11862 bytes
(epstopdf)             Command: <repstopdf --outfile=prefacios/capa/logo-ufrpe-
eps-converted-to.pdf prefacios/capa/logo-ufrpe.eps>
(epstopdf)             \includegraphics on input line 5.
Package epstopdf Info: Output file is already uptodate.

<prefacios/capa/logo-ufrpe-eps-converted-to.pdf, id=164, 73.27374pt x 95.35625p
t>
File: prefacios/capa/logo-ufrpe-eps-converted-to.pdf Graphic file (type pdf)
 <use prefacios/capa/logo-ufrpe-eps-converted-to.pdf>
Package pdftex.def Info: prefacios/capa/logo-ufrpe-eps-converted-to.pdf used on
 input line 5.
(pdftex.def)             Requested size: 51.29124pt x 66.7489pt.
LaTeX Font Info:    Try loading font information for U+msa on input line 6.

(/usr/local/texlive/2014/texmf-dist/tex/latex/amsfonts/umsa.fd
File: umsa.fd 2013/01/14 v3.01 AMS symbols A
)
LaTeX Font Info:    Try loading font information for U+msb on input line 6.

(/usr/local/texlive/2014/texmf-dist/tex/latex/amsfonts/umsb.fd
File: umsb.fd 2013/01/14 v3.01 AMS symbols B
)
LaTeX Font Info:    Try loading font information for U+lasy on input line 6.

(/usr/local/texlive/2014/texmf-dist/tex/latex/base/ulasy.fd
File: ulasy.fd 1998/08/17 v2.2e LaTeX symbol font definitions
)
Package epstopdf Info: Source file: <prefacios/capa/logo-bsi-presencial-v3-amp.
eps>
(epstopdf)                    date: 2014-11-03 21:10:36
(epstopdf)                    size: 147122 bytes
(epstopdf)             Output file: <prefacios/capa/logo-bsi-presencial-v3-amp-
eps-converted-to.pdf>
(epstopdf)                    date: 2014-11-11 19:05:30
(epstopdf)                    size: 28068 bytes
(epstopdf)             Command: <repstopdf --outfile=prefacios/capa/logo-bsi-pr
esencial-v3-amp-eps-converted-to.pdf prefacios/capa/logo-bsi-presencial-v3-amp.
eps>
(epstopdf)             \includegraphics on input line 19.
Package epstopdf Info: Output file is already uptodate.

<prefacios/capa/logo-bsi-presencial-v3-amp-eps-converted-to.pdf, id=165, 502.87
875pt x 251.94125pt>
File: prefacios/capa/logo-bsi-presencial-v3-amp-eps-converted-to.pdf Graphic fi
le (type pdf)

<use prefacios/capa/logo-bsi-presencial-v3-amp-eps-converted-to.pdf>
Package pdftex.def Info: prefacios/capa/logo-bsi-presencial-v3-amp-eps-converte
d-to.pdf used on input line 19.
(pdftex.def)             Requested size: 251.43875pt x 125.9703pt.
Package babel Info: Redefining portuges shorthand "|
(babel)             in language  on input line 36.
Package babel Info: Redefining portuges shorthand "|
(babel)             in language  on input line 36.
 [1


{/usr/local/texlive/2014/texmf-var/fonts/map/pdftex/updmap/pdftex.map} <./prefa
cios/capa/logo-ufrpe-eps-converted-to.pdf> <./prefacios/capa/logo-bsi-presencia
l-v3-amp-eps-converted-to.pdf>])
\openout2 = `prefacios/folha_rosto/folha_rosto.aux'.

 (./prefacios/folha_rosto/folha_rosto.tex
Underfull \hbox (badness 10000) in paragraph at lines 8--9

 []

Package babel Info: Redefining portuges shorthand "|
(babel)             in language  on input line 18.
Package babel Info: Redefining portuges shorthand "|
(babel)             in language  on input line 18.
[2


]
Underfull \hbox (badness 10000) in paragraph at lines 23--26

 []

Package babel Info: Redefining portuges shorthand "|
(babel)             in language  on input line 30.
Package babel Info: Redefining portuges shorthand "|
(babel)             in language  on input line 30.
[3])
Package babel Info: Redefining portuges shorthand "|
(babel)             in language  on input line 83.
Package babel Info: Redefining portuges shorthand "|
(babel)             in language  on input line 83.
 [4]
\openout2 = `prefacios/resumo/resumo.aux'.

 (./prefacios/resumo/resumo.tex)
Package babel Info: Redefining portuges shorthand "|
(babel)             in language  on input line 90.
Package babel Info: Redefining portuges shorthand "|
(babel)             in language  on input line 90.
 [1



]
\openout2 = `prefacios/abstract/abstract.aux'.

 (./prefacios/abstract/abstract.tex)
Package babel Info: Redefining portuges shorthand "|
(babel)             in language  on input line 91.
Package babel Info: Redefining portuges shorthand "|
(babel)             in language  on input line 91.
 [2



] (./tcc.toc
Package babel Info: Redefining portuges shorthand "|
(babel)             in language  on input line 22.
Package babel Info: Redefining portuges shorthand "|
(babel)             in language  on input line 22.
 [3


]
Package babel Info: Redefining portuges shorthand "|
(babel)             in language  on input line 58.
Package babel Info: Redefining portuges shorthand "|
(babel)             in language  on input line 58.
 [4])
\tf@toc=\write5
\openout5 = `tcc.toc'.

Package babel Info: Redefining portuges shorthand "|
(babel)             in language  on input line 93.
Package babel Info: Redefining portuges shorthand "|
(babel)             in language  on input line 93.
 [5] (./tcc.lot
Package babel Info: Redefining portuges shorthand "|
(babel)             in language  on input line 18.
Package babel Info: Redefining portuges shorthand "|
(babel)             in language  on input line 18.
 [6

])
\tf@lot=\write6
\openout6 = `tcc.lot'.

Package babel Info: Redefining portuges shorthand "|
(babel)             in language  on input line 94.
Package babel Info: Redefining portuges shorthand "|
(babel)             in language  on input line 94.
 [7] (./tcc.lof
Package babel Info: Redefining portuges shorthand "|
(babel)             in language  on input line 16.
Package babel Info: Redefining portuges shorthand "|
(babel)             in language  on input line 16.
 [8

]
Package babel Info: Redefining portuges shorthand "|
(babel)             in language  on input line 30.
Package babel Info: Redefining portuges shorthand "|
(babel)             in language  on input line 30.
 [9])
\tf@lof=\write7
\openout7 = `tcc.lof'.


No file tcc.nls.
Package babel Info: Redefining portuges shorthand "|
(babel)             in language  on input line 97.
Package babel Info: Redefining portuges shorthand "|
(babel)             in language  on input line 97.
[10]
\openout2 = `capitulos/introducao/introducao.aux'.

 (./capitulos/introducao/introducao.tex
Cap\'{\i }tulo 1.
Package babel Info: Redefining portuges shorthand "|
(babel)             in language  on input line 1.
Package babel Info: Redefining portuges shorthand "|
(babel)             in language  on input line 3.
Package babel Info: Redefining portuges shorthand "|
(babel)             in language  on input line 11.
Package babel Info: Redefining portuges shorthand "|
(babel)             in language  on input line 14.
Package babel Info: Redefining portuges shorthand "|
(babel)             in language  on input line 14.
pdfTeX warning (ext4): destination with the same identifier (name{page.1}) has 
been already used, duplicate ignored
<to be read again> 
                   \relax 
l.14 
      [1



]
LaTeX Font Info:    Try loading font information for OMS+cmr on input line 21.
 (/usr/local/texlive/2014/texmf-dist/tex/latex/base/omscmr.fd
File: omscmr.fd 1999/05/25 v2.5h Standard LaTeX font definitions
)
LaTeX Font Info:    Font shape `OMS/cmr/m/n' in size <12> not available
(Font)              Font shape `OMS/cmsy/m/n' tried instead on input line 21.
Package babel Info: Redefining portuges shorthand "|
(babel)             in language  on input line 23.
Package babel Info: Redefining portuges shorthand "|
(babel)             in language  on input line 23.
pdfTeX warning (ext4): destination with the same identifier (name{page.2}) has 
been already used, duplicate ignored
<to be read again> 
                   \relax 
l.23 	\item C
             ertificação de que pontos de integração externos estão tra...
[2]
Package epstopdf Info: Source file: <capitulos/literatura/iceCreamConAntiPatter
n.eps>
(epstopdf)                    date: 2015-01-11 20:16:03
(epstopdf)                    size: 7192616 bytes
(epstopdf)             Output file: <capitulos/literatura/iceCreamConAntiPatter
n-eps-converted-to.pdf>
(epstopdf)                    date: 2015-01-11 20:17:58
(epstopdf)                    size: 83414 bytes
(epstopdf)             Command: <repstopdf --outfile=capitulos/literatura/iceCr
eamConAntiPattern-eps-converted-to.pdf capitulos/literatura/iceCreamConAntiPatt
ern.eps>
(epstopdf)             \includegraphics on input line 36.
Package epstopdf Info: Output file is already uptodate.

<capitulos/literatura/iceCreamConAntiPattern-eps-converted-to.pdf, id=465, 982.
67125pt x 1212.53pt>
File: capitulos/literatura/iceCreamConAntiPattern-eps-converted-to.pdf Graphic 
file (type pdf)

<use capitulos/literatura/iceCreamConAntiPattern-eps-converted-to.pdf>
Package pdftex.def Info: capitulos/literatura/iceCreamConAntiPattern-eps-conver
ted-to.pdf used on input line 36.
(pdftex.def)             Requested size: 343.9401pt x 424.39186pt.
Package babel Info: Redefining portuges shorthand "|
(babel)             in language  on input line 40.
Package babel Info: Redefining portuges shorthand "|
(babel)             in language  on input line 40.
pdfTeX warning (ext4): destination with the same identifier (name{page.3}) has 
been already used, duplicate ignored
<to be read again> 
                   \relax 
l.40 
      [3]
Package babel Info: Redefining portuges shorthand "|
(babel)             in language  on input line 44.
Package babel Info: Redefining portuges shorthand "|
(babel)             in language  on input line 44.
pdfTeX warning (ext4): destination with the same identifier (name{page.4}) has 
been already used, duplicate ignored
<to be read again> 
                   \relax 
l.44 
      [4 <./capitulos/literatura/iceCreamConAntiPattern-eps-converted-to.pdf>]
Package epstopdf Info: Source file: <capitulos/literatura/automatedtestingpyram
id.eps>
(epstopdf)                    date: 2015-01-11 20:34:00
(epstopdf)                    size: 5976241 bytes
(epstopdf)             Output file: <capitulos/literatura/automatedtestingpyram
id-eps-converted-to.pdf>
(epstopdf)                    date: 2015-01-11 20:35:30
(epstopdf)                    size: 93309 bytes
(epstopdf)             Command: <repstopdf --outfile=capitulos/literatura/autom
atedtestingpyramid-eps-converted-to.pdf capitulos/literatura/automatedtestingpy
ramid.eps>
(epstopdf)             \includegraphics on input line 48.
Package epstopdf Info: Output file is already uptodate.

<capitulos/literatura/automatedtestingpyramid-eps-converted-to.pdf, id=479, 117
5.39125pt x 842.14626pt>
File: capitulos/literatura/automatedtestingpyramid-eps-converted-to.pdf Graphic
 file (type pdf)

<use capitulos/literatura/automatedtestingpyramid-eps-converted-to.pdf>
Package pdftex.def Info: capitulos/literatura/automatedtestingpyramid-eps-conve
rted-to.pdf used on input line 48.
(pdftex.def)             Requested size: 411.39311pt x 294.7556pt.
Package babel Info: Redefining portuges shorthand "|
(babel)             in language  on input line 56.
Package babel Info: Redefining portuges shorthand "|
(babel)             in language  on input line 63.
Package babel Info: Redefining portuges shorthand "|
(babel)             in language  on input line 63.

[5 <./capitulos/literatura/automatedtestingpyramid-eps-converted-to.pdf>]
Package babel Info: Redefining portuges shorthand "|
(babel)             in language  on input line 72.
Package babel Info: Redefining portuges shorthand "|
(babel)             in language  on input line 76.
)
Package babel Info: Redefining portuges shorthand "|
(babel)             in language  on input line 128.
Package babel Info: Redefining portuges shorthand "|
(babel)             in language  on input line 128.

[6]
Package babel Info: Redefining portuges shorthand "|
(babel)             in language  on input line 128.
Package babel Info: Redefining portuges shorthand "|
(babel)             in language  on input line 128.
 [7]
\openout2 = `capitulos/literatura/literatura.aux'.

 (./capitulos/literatura/literatura.tex
Cap\'{\i }tulo 2.
Package babel Info: Redefining portuges shorthand "|
(babel)             in language  on input line 1.
Package babel Info: Redefining portuges shorthand "|
(babel)             in language  on input line 5.
Package babel Info: Redefining portuges shorthand "|
(babel)             in language  on input line 7.
Package babel Info: Redefining portuges shorthand "|
(babel)             in language  on input line 18.
Package babel Info: Redefining portuges shorthand "|
(babel)             in language  on input line 18.
[8



]
Package epstopdf Info: Source file: <capitulos/literatura/metodologia.eps>
(epstopdf)                    date: 2014-11-03 21:10:36
(epstopdf)                    size: 35690 bytes
(epstopdf)             Output file: <capitulos/literatura/metodologia-eps-conve
rted-to.pdf>
(epstopdf)                    date: 2014-11-11 19:05:32
(epstopdf)                    size: 39489 bytes
(epstopdf)             Command: <repstopdf --outfile=capitulos/literatura/metod
ologia-eps-converted-to.pdf capitulos/literatura/metodologia.eps>
(epstopdf)             \includegraphics on input line 22.
Package epstopdf Info: Output file is already uptodate.

<capitulos/literatura/metodologia-eps-converted-to.pdf, id=508, 963.6pt x 722.7
pt>
File: capitulos/literatura/metodologia-eps-converted-to.pdf Graphic file (type 
pdf)
 <use capitulos/literatura/metodologia-eps-converted-to.pdf>
Package pdftex.def Info: capitulos/literatura/metodologia-eps-converted-to.pdf 
used on input line 22.
(pdftex.def)             Requested size: 337.26506pt x 252.94878pt.
Package babel Info: Redefining portuges shorthand "|
(babel)             in language  on input line 48.
Package babel Info: Redefining portuges shorthand "|
(babel)             in language  on input line 48.
 [9 <./capitulos/literatura/metodologia-eps-converted-to.pdf>]
Package babel Info: Redefining portuges shorthand "|
(babel)             in language  on input line 83.
Package babel Info: Redefining portuges shorthand "|
(babel)             in language  on input line 83.
 [10]
Package babel Info: Redefining portuges shorthand "|
(babel)             in language  on input line 119.
Package babel Info: Redefining portuges shorthand "|
(babel)             in language  on input line 119.
 [11]
Package babel Info: Redefining portuges shorthand "|
(babel)             in language  on input line 120.

Underfull \vbox (badness 10000) detected at line 141
 []


Underfull \vbox (badness 10000) detected at line 155
 []

Package babel Info: Redefining portuges shorthand "|
(babel)             in language  on input line 157.
Package babel Info: Redefining portuges shorthand "|
(babel)             in language  on input line 157.
[12]
Package babel Info: Redefining portuges shorthand "|
(babel)             in language  on input line 157.
Package babel Info: Redefining portuges shorthand "|
(babel)             in language  on input line 157.
 [13]
Underfull \vbox (badness 10000) detected at line 167
 []

Package babel Info: Redefining portuges shorthand "|
(babel)             in language  on input line 171.
Package babel Info: Redefining portuges shorthand "|
(babel)             in language  on input line 171.
[14]
Package babel Info: Redefining portuges shorthand "|
(babel)             in language  on input line 175.
Package babel Info: Redefining portuges shorthand "|
(babel)             in language  on input line 179.
Package babel Info: Redefining portuges shorthand "|
(babel)             in language  on input line 182.
Package babel Info: Redefining portuges shorthand "|
(babel)             in language  on input line 182.
 [15]
Package babel Info: Redefining portuges shorthand "|
(babel)             in language  on input line 185.

Underfull \hbox (badness 1454) in paragraph at lines 216--216
[]|\OT1/cmr/m/n/12 A incr^^S^^Pvel Hist^^Soria de uma Or-ga-niza^^Xc~ao
 []

Package babel Info: Redefining portuges shorthand "|
(babel)             in language  on input line 222.
Package babel Info: Redefining portuges shorthand "|
(babel)             in language  on input line 222.
[16]
Package babel Info: Redefining portuges shorthand "|
(babel)             in language  on input line 224.
Package babel Info: Redefining portuges shorthand "|
(babel)             in language  on input line 224.
 [17])
Package babel Info: Redefining portuges shorthand "|
(babel)             in language  on input line 129.
Package babel Info: Redefining portuges shorthand "|
(babel)             in language  on input line 129.
 [18]
\openout2 = `capitulos/las/analise_las.aux'.

 (./capitulos/las/analise_las.tex
Cap\'{\i }tulo 3.
Package babel Info: Redefining portuges shorthand "|
(babel)             in language  on input line 1.
Package babel Info: Redefining portuges shorthand "|
(babel)             in language  on input line 5.

Underfull \hbox (badness 10000) in paragraph at lines 47--47
[]|\OT1/cmr/m/n/12 Experi^encia, trei-na-mento e
 []


Underfull \hbox (badness 3713) in paragraph at lines 47--47
[]|\OT1/cmr/m/n/12 Compartilhamento de co-nhe-ci-
 []


Underfull \vbox (badness 10000) detected at line 47
 []

Package babel Info: Redefining portuges shorthand "|
(babel)             in language  on input line 48.
Package babel Info: Redefining portuges shorthand "|
(babel)             in language  on input line 48.
[19



]
Package epstopdf Info: Source file: <capitulos/las/figuras/categorias.eps>
(epstopdf)                    date: 2014-11-03 21:10:36
(epstopdf)                    size: 279885 bytes
(epstopdf)             Output file: <capitulos/las/figuras/categorias-eps-conve
rted-to.pdf>
(epstopdf)                    date: 2014-11-11 19:05:34
(epstopdf)                    size: 125563 bytes
(epstopdf)             Command: <repstopdf --outfile=capitulos/las/figuras/cate
gorias-eps-converted-to.pdf capitulos/las/figuras/categorias.eps>
(epstopdf)             \includegraphics on input line 53.
Package epstopdf Info: Output file is already uptodate.

<capitulos/las/figuras/categorias-eps-converted-to.pdf, id=1368, 581.17125pt x 
621.32124pt>
File: capitulos/las/figuras/categorias-eps-converted-to.pdf Graphic file (type 
pdf)
 <use capitulos/las/figuras/categorias-eps-converted-to.pdf>
Package pdftex.def Info: capitulos/las/figuras/categorias-eps-converted-to.pdf 
used on input line 53.
(pdftex.def)             Requested size: 469.47046pt x 501.91173pt.
Package babel Info: Redefining portuges shorthand "|
(babel)             in language  on input line 57.
Package babel Info: Redefining portuges shorthand "|
(babel)             in language  on input line 57.

[20]
Package babel Info: Redefining portuges shorthand "|
(babel)             in language  on input line 58.
Package babel Info: Redefining portuges shorthand "|
(babel)             in language  on input line 61.
Package babel Info: Redefining portuges shorthand "|
(babel)             in language  on input line 61.
 [21 <./capitulos/las/figuras/categorias-eps-converted-to.pdf>]
Package babel Info: Redefining portuges shorthand "|
(babel)             in language  on input line 62.

Underfull \vbox (badness 10000) detected at line 73
 []

Package babel Info: Redefining portuges shorthand "|
(babel)             in language  on input line 81.
Package babel Info: Redefining portuges shorthand "|
(babel)             in language  on input line 81.
[22]
Package epstopdf Info: Source file: <capitulos/las/figuras/exp.eps>
(epstopdf)                    date: 2014-11-03 21:10:36
(epstopdf)                    size: 61788 bytes
(epstopdf)             Output file: <capitulos/las/figuras/exp-eps-converted-to
.pdf>
(epstopdf)                    date: 2014-11-11 19:05:36
(epstopdf)                    size: 30563 bytes
(epstopdf)             Command: <repstopdf --outfile=capitulos/las/figuras/exp-
eps-converted-to.pdf capitulos/las/figuras/exp.eps>
(epstopdf)             \includegraphics on input line 85.
Package epstopdf Info: Output file is already uptodate.

<capitulos/las/figuras/exp-eps-converted-to.pdf, id=1487, 362.35374pt x 217.813
75pt>
File: capitulos/las/figuras/exp-eps-converted-to.pdf Graphic file (type pdf)
 <use capitulos/las/figuras/exp-eps-converted-to.pdf>
Package pdftex.def Info: capitulos/las/figuras/exp-eps-converted-to.pdf used on
 input line 85.
(pdftex.def)             Requested size: 375.57779pt x 225.76648pt.
Package babel Info: Redefining portuges shorthand "|
(babel)             in language  on input line 90.

Underfull \vbox (badness 10000) detected at line 103
 []

Package babel Info: Redefining portuges shorthand "|
(babel)             in language  on input line 105.
Package babel Info: Redefining portuges shorthand "|
(babel)             in language  on input line 105.
[23 <./capitulos/las/figuras/exp-eps-converted-to.pdf>]
Package epstopdf Info: Source file: <capitulos/las/figuras/backlog.eps>
(epstopdf)                    date: 2014-11-03 21:10:36
(epstopdf)                    size: 69822 bytes
(epstopdf)             Output file: <capitulos/las/figuras/backlog-eps-converte
d-to.pdf>
(epstopdf)                    date: 2014-11-11 19:05:37
(epstopdf)                    size: 30626 bytes
(epstopdf)             Command: <repstopdf --outfile=capitulos/las/figuras/back
log-eps-converted-to.pdf capitulos/las/figuras/backlog.eps>
(epstopdf)             \includegraphics on input line 115.
Package epstopdf Info: Output file is already uptodate.

<capitulos/las/figuras/backlog-eps-converted-to.pdf, id=1564, 362.35374pt x 217
.81375pt>
File: capitulos/las/figuras/backlog-eps-converted-to.pdf Graphic file (type pdf
)
 <use capitulos/las/figuras/backlog-eps-converted-to.pdf>
Package pdftex.def Info: capitulos/las/figuras/backlog-eps-converted-to.pdf use
d on input line 115.
(pdftex.def)             Requested size: 375.57779pt x 225.76648pt.
Package babel Info: Redefining portuges shorthand "|
(babel)             in language  on input line 119.
Package babel Info: Redefining portuges shorthand "|
(babel)             in language  on input line 119.
 [24]
Package babel Info: Redefining portuges shorthand "|
(babel)             in language  on input line 120.

Underfull \vbox (badness 10000) detected at line 131
 []

Package babel Info: Redefining portuges shorthand "|
(babel)             in language  on input line 136.
Package babel Info: Redefining portuges shorthand "|
(babel)             in language  on input line 136.
[25 <./capitulos/las/figuras/backlog-eps-converted-to.pdf>]
Package epstopdf Info: Source file: <capitulos/las/figuras/apoio.eps>
(epstopdf)                    date: 2014-11-03 21:10:36
(epstopdf)                    size: 69451 bytes
(epstopdf)             Output file: <capitulos/las/figuras/apoio-eps-converted-
to.pdf>
(epstopdf)                    date: 2014-11-11 19:05:39
(epstopdf)                    size: 30498 bytes
(epstopdf)             Command: <repstopdf --outfile=capitulos/las/figuras/apoi
o-eps-converted-to.pdf capitulos/las/figuras/apoio.eps>
(epstopdf)             \includegraphics on input line 141.
Package epstopdf Info: Output file is already uptodate.

<capitulos/las/figuras/apoio-eps-converted-to.pdf, id=1658, 362.35374pt x 217.8
1375pt>
File: capitulos/las/figuras/apoio-eps-converted-to.pdf Graphic file (type pdf)
 <use capitulos/las/figuras/apoio-eps-converted-to.pdf>
Package pdftex.def Info: capitulos/las/figuras/apoio-eps-converted-to.pdf used 
on input line 141.
(pdftex.def)             Requested size: 375.57779pt x 225.76648pt.
Package babel Info: Redefining portuges shorthand "|
(babel)             in language  on input line 146.

Underfull \vbox (badness 10000) detected at line 156
 []

Package babel Info: Redefining portuges shorthand "|
(babel)             in language  on input line 160.
Package babel Info: Redefining portuges shorthand "|
(babel)             in language  on input line 160.
[26 <./capitulos/las/figuras/apoio-eps-converted-to.pdf>]
Package epstopdf Info: Source file: <capitulos/las/figuras/adaptabilidade.eps>
(epstopdf)                    date: 2014-11-03 21:10:36
(epstopdf)                    size: 59886 bytes
(epstopdf)             Output file: <capitulos/las/figuras/adaptabilidade-eps-c
onverted-to.pdf>
(epstopdf)                    date: 2014-11-11 19:05:41
(epstopdf)                    size: 29857 bytes
(epstopdf)             Command: <repstopdf --outfile=capitulos/las/figuras/adap
tabilidade-eps-converted-to.pdf capitulos/las/figuras/adaptabilidade.eps>
(epstopdf)             \includegraphics on input line 166.
Package epstopdf Info: Output file is already uptodate.

<capitulos/las/figuras/adaptabilidade-eps-converted-to.pdf, id=1757, 362.35374p
t x 217.81375pt>
File: capitulos/las/figuras/adaptabilidade-eps-converted-to.pdf Graphic file (t
ype pdf)

<use capitulos/las/figuras/adaptabilidade-eps-converted-to.pdf>
Package pdftex.def Info: capitulos/las/figuras/adaptabilidade-eps-converted-to.
pdf used on input line 166.
(pdftex.def)             Requested size: 375.57779pt x 225.76648pt.
Package babel Info: Redefining portuges shorthand "|
(babel)             in language  on input line 171.

Underfull \vbox (badness 10000) detected at line 181
 []

Package babel Info: Redefining portuges shorthand "|
(babel)             in language  on input line 183.
Package babel Info: Redefining portuges shorthand "|
(babel)             in language  on input line 183.
[27 <./capitulos/las/figuras/adaptabilidade-eps-converted-to.pdf>]
Package epstopdf Info: Source file: <capitulos/las/figuras/confianca.eps>
(epstopdf)                    date: 2014-11-03 21:10:36
(epstopdf)                    size: 70872 bytes
(epstopdf)             Output file: <capitulos/las/figuras/confianca-eps-conver
ted-to.pdf>
(epstopdf)                    date: 2014-11-11 19:05:43
(epstopdf)                    size: 29991 bytes
(epstopdf)             Command: <repstopdf --outfile=capitulos/las/figuras/conf
ianca-eps-converted-to.pdf capitulos/las/figuras/confianca.eps>
(epstopdf)             \includegraphics on input line 193.
Package epstopdf Info: Output file is already uptodate.

<capitulos/las/figuras/confianca-eps-converted-to.pdf, id=1809, 362.35374pt x 2
17.81375pt>
File: capitulos/las/figuras/confianca-eps-converted-to.pdf Graphic file (type p
df)
 <use capitulos/las/figuras/confianca-eps-converted-to.pdf>
Package pdftex.def Info: capitulos/las/figuras/confianca-eps-converted-to.pdf u
sed on input line 193.
(pdftex.def)             Requested size: 375.57779pt x 225.76648pt.
Package babel Info: Redefining portuges shorthand "|
(babel)             in language  on input line 197.
Package babel Info: Redefining portuges shorthand "|
(babel)             in language  on input line 197.
 [28]
Package babel Info: Redefining portuges shorthand "|
(babel)             in language  on input line 198.

Underfull \vbox (badness 10000) detected at line 210
 []

Package babel Info: Redefining portuges shorthand "|
(babel)             in language  on input line 216.
Package babel Info: Redefining portuges shorthand "|
(babel)             in language  on input line 216.
[29 <./capitulos/las/figuras/confianca-eps-converted-to.pdf>]
Package epstopdf Info: Source file: <capitulos/las/figuras/comprometimento.eps>

(epstopdf)                    date: 2014-11-03 21:10:36
(epstopdf)                    size: 61527 bytes
(epstopdf)             Output file: <capitulos/las/figuras/comprometimento-eps-
converted-to.pdf>
(epstopdf)                    date: 2014-11-11 19:05:44
(epstopdf)                    size: 30368 bytes
(epstopdf)             Command: <repstopdf --outfile=capitulos/las/figuras/comp
rometimento-eps-converted-to.pdf capitulos/las/figuras/comprometimento.eps>
(epstopdf)             \includegraphics on input line 222.
Package epstopdf Info: Output file is already uptodate.

<capitulos/las/figuras/comprometimento-eps-converted-to.pdf, id=1927, 362.35374
pt x 217.81375pt>
File: capitulos/las/figuras/comprometimento-eps-converted-to.pdf Graphic file (
type pdf)

<use capitulos/las/figuras/comprometimento-eps-converted-to.pdf>
Package pdftex.def Info: capitulos/las/figuras/comprometimento-eps-converted-to
.pdf used on input line 222.
(pdftex.def)             Requested size: 375.57779pt x 225.76648pt.
Package babel Info: Redefining portuges shorthand "|
(babel)             in language  on input line 227.

Underfull \vbox (badness 10000) detected at line 242
 []

Package babel Info: Redefining portuges shorthand "|
(babel)             in language  on input line 244.
Package babel Info: Redefining portuges shorthand "|
(babel)             in language  on input line 244.
[30 <./capitulos/las/figuras/comprometimento-eps-converted-to.pdf>]
Package babel Info: Redefining portuges shorthand "|
(babel)             in language  on input line 250.
Package babel Info: Redefining portuges shorthand "|
(babel)             in language  on input line 250.
 [31]
Package epstopdf Info: Source file: <capitulos/las/figuras/tech.eps>
(epstopdf)                    date: 2014-11-03 21:10:36
(epstopdf)                    size: 63112 bytes
(epstopdf)             Output file: <capitulos/las/figuras/tech-eps-converted-t
o.pdf>
(epstopdf)                    date: 2014-11-11 19:05:46
(epstopdf)                    size: 30398 bytes
(epstopdf)             Command: <repstopdf --outfile=capitulos/las/figuras/tech
-eps-converted-to.pdf capitulos/las/figuras/tech.eps>
(epstopdf)             \includegraphics on input line 254.
Package epstopdf Info: Output file is already uptodate.

<capitulos/las/figuras/tech-eps-converted-to.pdf, id=2016, 362.35374pt x 217.81
375pt>
File: capitulos/las/figuras/tech-eps-converted-to.pdf Graphic file (type pdf)
 <use capitulos/las/figuras/tech-eps-converted-to.pdf>
Package pdftex.def Info: capitulos/las/figuras/tech-eps-converted-to.pdf used o
n input line 254.
(pdftex.def)             Requested size: 375.57779pt x 225.76648pt.
Package babel Info: Redefining portuges shorthand "|
(babel)             in language  on input line 259.

Underfull \vbox (badness 10000) detected at line 268
 []

Package babel Info: Redefining portuges shorthand "|
(babel)             in language  on input line 272.
Package babel Info: Redefining portuges shorthand "|
(babel)             in language  on input line 272.
[32 <./capitulos/las/figuras/tech-eps-converted-to.pdf>]
Package epstopdf Info: Source file: <capitulos/las/figuras/conhecimento.eps>
(epstopdf)                    date: 2014-11-03 21:10:36
(epstopdf)                    size: 68634 bytes
(epstopdf)             Output file: <capitulos/las/figuras/conhecimento-eps-con
verted-to.pdf>
(epstopdf)                    date: 2014-11-11 19:05:48
(epstopdf)                    size: 30704 bytes
(epstopdf)             Command: <repstopdf --outfile=capitulos/las/figuras/conh
ecimento-eps-converted-to.pdf capitulos/las/figuras/conhecimento.eps>
(epstopdf)             \includegraphics on input line 276.
Package epstopdf Info: Output file is already uptodate.

<capitulos/las/figuras/conhecimento-eps-converted-to.pdf, id=2071, 362.35374pt 
x 217.81375pt>
File: capitulos/las/figuras/conhecimento-eps-converted-to.pdf Graphic file (typ
e pdf)
 <use capitulos/las/figuras/conhecimento-eps-converted-to.pdf>
Package pdftex.def Info: capitulos/las/figuras/conhecimento-eps-converted-to.pd
f used on input line 276.
(pdftex.def)             Requested size: 375.57779pt x 225.76648pt.
Package babel Info: Redefining portuges shorthand "|
(babel)             in language  on input line 281.

Underfull \vbox (badness 10000) detected at line 291
 []

Package babel Info: Redefining portuges shorthand "|
(babel)             in language  on input line 293.
Package babel Info: Redefining portuges shorthand "|
(babel)             in language  on input line 293.
[33 <./capitulos/las/figuras/conhecimento-eps-converted-to.pdf>]
Package epstopdf Info: Source file: <capitulos/las/figuras/produtividade.eps>
(epstopdf)                    date: 2014-11-03 21:10:36
(epstopdf)                    size: 66139 bytes
(epstopdf)             Output file: <capitulos/las/figuras/produtividade-eps-co
nverted-to.pdf>
(epstopdf)                    date: 2014-11-11 19:05:49
(epstopdf)                    size: 30615 bytes
(epstopdf)             Command: <repstopdf --outfile=capitulos/las/figuras/prod
utividade-eps-converted-to.pdf capitulos/las/figuras/produtividade.eps>
(epstopdf)             \includegraphics on input line 303.
Package epstopdf Info: Output file is already uptodate.

<capitulos/las/figuras/produtividade-eps-converted-to.pdf, id=2145, 362.35374pt
 x 217.81375pt>
File: capitulos/las/figuras/produtividade-eps-converted-to.pdf Graphic file (ty
pe pdf)
 <use capitulos/las/figuras/produtividade-eps-converted-to.pdf>
Package pdftex.def Info: capitulos/las/figuras/produtividade-eps-converted-to.p
df used on input line 303.
(pdftex.def)             Requested size: 375.57779pt x 225.76648pt.
Package babel Info: Redefining portuges shorthand "|
(babel)             in language  on input line 307.
Package babel Info: Redefining portuges shorthand "|
(babel)             in language  on input line 307.

[34]
Package babel Info: Redefining portuges shorthand "|
(babel)             in language  on input line 308.

Underfull \vbox (badness 10000) detected at line 317
 []

Package babel Info: Redefining portuges shorthand "|
(babel)             in language  on input line 323.
Package babel Info: Redefining portuges shorthand "|
(babel)             in language  on input line 323.
[35 <./capitulos/las/figuras/produtividade-eps-converted-to.pdf>]
Package epstopdf Info: Source file: <capitulos/las/figuras/qualidade.eps>
(epstopdf)                    date: 2014-11-03 21:10:36
(epstopdf)                    size: 69656 bytes
(epstopdf)             Output file: <capitulos/las/figuras/qualidade-eps-conver
ted-to.pdf>
(epstopdf)                    date: 2014-11-11 19:05:51
(epstopdf)                    size: 30552 bytes
(epstopdf)             Command: <repstopdf --outfile=capitulos/las/figuras/qual
idade-eps-converted-to.pdf capitulos/las/figuras/qualidade.eps>
(epstopdf)             \includegraphics on input line 327.
Package epstopdf Info: Output file is already uptodate.

<capitulos/las/figuras/qualidade-eps-converted-to.pdf, id=2218, 362.35374pt x 2
17.81375pt>
File: capitulos/las/figuras/qualidade-eps-converted-to.pdf Graphic file (type p
df)
 <use capitulos/las/figuras/qualidade-eps-converted-to.pdf>
Package pdftex.def Info: capitulos/las/figuras/qualidade-eps-converted-to.pdf u
sed on input line 327.
(pdftex.def)             Requested size: 375.57779pt x 225.76648pt.
Package babel Info: Redefining portuges shorthand "|
(babel)             in language  on input line 332.

Underfull \vbox (badness 10000) detected at line 342
 []

Package babel Info: Redefining portuges shorthand "|
(babel)             in language  on input line 346.
Package babel Info: Redefining portuges shorthand "|
(babel)             in language  on input line 346.
[36 <./capitulos/las/figuras/qualidade-eps-converted-to.pdf>]
Package epstopdf Info: Source file: <capitulos/las/figuras/tamanho.eps>
(epstopdf)                    date: 2014-11-03 21:10:36
(epstopdf)                    size: 72950 bytes
(epstopdf)             Output file: <capitulos/las/figuras/tamanho-eps-converte
d-to.pdf>
(epstopdf)                    date: 2014-11-11 19:05:53
(epstopdf)                    size: 30834 bytes
(epstopdf)             Command: <repstopdf --outfile=capitulos/las/figuras/tama
nho-eps-converted-to.pdf capitulos/las/figuras/tamanho.eps>
(epstopdf)             \includegraphics on input line 350.
Package epstopdf Info: Output file is already uptodate.

<capitulos/las/figuras/tamanho-eps-converted-to.pdf, id=2253, 362.35374pt x 217
.81375pt>
File: capitulos/las/figuras/tamanho-eps-converted-to.pdf Graphic file (type pdf
)
 <use capitulos/las/figuras/tamanho-eps-converted-to.pdf>
Package pdftex.def Info: capitulos/las/figuras/tamanho-eps-converted-to.pdf use
d on input line 350.
(pdftex.def)             Requested size: 375.57779pt x 225.76648pt.
Package babel Info: Redefining portuges shorthand "|
(babel)             in language  on input line 355.

Underfull \vbox (badness 10000) detected at line 365
 []

Package babel Info: Redefining portuges shorthand "|
(babel)             in language  on input line 369.
Package babel Info: Redefining portuges shorthand "|
(babel)             in language  on input line 369.
[37 <./capitulos/las/figuras/tamanho-eps-converted-to.pdf>]
Package epstopdf Info: Source file: <capitulos/las/figuras/paradigma.eps>
(epstopdf)                    date: 2014-11-03 21:10:36
(epstopdf)                    size: 67167 bytes
(epstopdf)             Output file: <capitulos/las/figuras/paradigma-eps-conver
ted-to.pdf>
(epstopdf)                    date: 2014-11-11 19:05:54
(epstopdf)                    size: 30906 bytes
(epstopdf)             Command: <repstopdf --outfile=capitulos/las/figuras/para
digma-eps-converted-to.pdf capitulos/las/figuras/paradigma.eps>
(epstopdf)             \includegraphics on input line 375.
Package epstopdf Info: Output file is already uptodate.

<capitulos/las/figuras/paradigma-eps-converted-to.pdf, id=2322, 362.35374pt x 2
17.81375pt>
File: capitulos/las/figuras/paradigma-eps-converted-to.pdf Graphic file (type p
df)
 <use capitulos/las/figuras/paradigma-eps-converted-to.pdf>
Package pdftex.def Info: capitulos/las/figuras/paradigma-eps-converted-to.pdf u
sed on input line 375.
(pdftex.def)             Requested size: 375.57779pt x 225.76648pt.
Package babel Info: Redefining portuges shorthand "|
(babel)             in language  on input line 380.

Underfull \vbox (badness 10000) detected at line 390
 []

Package babel Info: Redefining portuges shorthand "|
(babel)             in language  on input line 392.
Package babel Info: Redefining portuges shorthand "|
(babel)             in language  on input line 392.
[38 <./capitulos/las/figuras/paradigma-eps-converted-to.pdf>]
Package epstopdf Info: Source file: <capitulos/las/figuras/comunicacao.eps>
(epstopdf)                    date: 2014-11-03 21:10:36
(epstopdf)                    size: 71408 bytes
(epstopdf)             Output file: <capitulos/las/figuras/comunicacao-eps-conv
erted-to.pdf>
(epstopdf)                    date: 2014-11-11 19:05:56
(epstopdf)                    size: 30241 bytes
(epstopdf)             Command: <repstopdf --outfile=capitulos/las/figuras/comu
nicacao-eps-converted-to.pdf capitulos/las/figuras/comunicacao.eps>
(epstopdf)             \includegraphics on input line 400.
Package epstopdf Info: Output file is already uptodate.

<capitulos/las/figuras/comunicacao-eps-converted-to.pdf, id=2373, 362.35374pt x
 217.81375pt>
File: capitulos/las/figuras/comunicacao-eps-converted-to.pdf Graphic file (type
 pdf)
 <use capitulos/las/figuras/comunicacao-eps-converted-to.pdf>
Package pdftex.def Info: capitulos/las/figuras/comunicacao-eps-converted-to.pdf
 used on input line 400.
(pdftex.def)             Requested size: 375.57779pt x 225.76648pt.
Package babel Info: Redefining portuges shorthand "|
(babel)             in language  on input line 404.
Package babel Info: Redefining portuges shorthand "|
(babel)             in language  on input line 404.

[39]
Package babel Info: Redefining portuges shorthand "|
(babel)             in language  on input line 405.

Underfull \vbox (badness 10000) detected at line 415
 []

Package babel Info: Redefining portuges shorthand "|
(babel)             in language  on input line 419.
Package babel Info: Redefining portuges shorthand "|
(babel)             in language  on input line 419.
[40 <./capitulos/las/figuras/comunicacao-eps-converted-to.pdf>]
Package epstopdf Info: Source file: <capitulos/las/figuras/cultura.eps>
(epstopdf)                    date: 2014-11-03 21:10:36
(epstopdf)                    size: 68727 bytes
(epstopdf)             Output file: <capitulos/las/figuras/cultura-eps-converte
d-to.pdf>
(epstopdf)                    date: 2014-11-11 19:05:58
(epstopdf)                    size: 30994 bytes
(epstopdf)             Command: <repstopdf --outfile=capitulos/las/figuras/cult
ura-eps-converted-to.pdf capitulos/las/figuras/cultura.eps>
(epstopdf)             \includegraphics on input line 425.
Package epstopdf Info: Output file is already uptodate.

<capitulos/las/figuras/cultura-eps-converted-to.pdf, id=2440, 362.35374pt x 217
.81375pt>
File: capitulos/las/figuras/cultura-eps-converted-to.pdf Graphic file (type pdf
)
 <use capitulos/las/figuras/cultura-eps-converted-to.pdf>
Package pdftex.def Info: capitulos/las/figuras/cultura-eps-converted-to.pdf use
d on input line 425.
(pdftex.def)             Requested size: 375.57779pt x 225.76648pt.
)
Package babel Info: Redefining portuges shorthand "|
(babel)             in language  on input line 130.
Package babel Info: Redefining portuges shorthand "|
(babel)             in language  on input line 130.
 [41 <./capitulos/las/figuras/cultura-eps-converted-to.pdf>]
\openout2 = `capitulos/validacao/validacao.aux'.


(./capitulos/validacao/validacao.tex
Cap\'{\i }tulo 4.
Package babel Info: Redefining portuges shorthand "|
(babel)             in language  on input line 1.
Package babel Info: Redefining portuges shorthand "|
(babel)             in language  on input line 5.
Package babel Info: Redefining portuges shorthand "|
(babel)             in language  on input line 9.
Package babel Info: Redefining portuges shorthand "|
(babel)             in language  on input line 13.
Package babel Info: Redefining portuges shorthand "|
(babel)             in language  on input line 16.
Package babel Info: Redefining portuges shorthand "|
(babel)             in language  on input line 16.
[42



]
Package babel Info: Redefining portuges shorthand "|
(babel)             in language  on input line 17.

Underfull \vbox (badness 10000) detected at line 36
 []

Package babel Info: Redefining portuges shorthand "|
(babel)             in language  on input line 36.
Package babel Info: Redefining portuges shorthand "|
(babel)             in language  on input line 36.
[43]
Package babel Info: Redefining portuges shorthand "|
(babel)             in language  on input line 36.
Package babel Info: Redefining portuges shorthand "|
(babel)             in language  on input line 36.
 [44]
Package babel Info: Redefining portuges shorthand "|
(babel)             in language  on input line 36.
Package babel Info: Redefining portuges shorthand "|
(babel)             in language  on input line 36.
 [45]
Package babel Info: Redefining portuges shorthand "|
(babel)             in language  on input line 38.
Package babel Info: Redefining portuges shorthand "|
(babel)             in language  on input line 42.
Package epstopdf Info: Source file: <capitulos/validacao/figuras/exp.eps>
(epstopdf)                    date: 2014-11-03 21:10:36
(epstopdf)                    size: 52015 bytes
(epstopdf)             Output file: <capitulos/validacao/figuras/exp-eps-conver
ted-to.pdf>
(epstopdf)                    date: 2014-11-11 19:05:59
(epstopdf)                    size: 47352 bytes
(epstopdf)             Command: <repstopdf --outfile=capitulos/validacao/figura
s/exp-eps-converted-to.pdf capitulos/validacao/figuras/exp.eps>
(epstopdf)             \includegraphics on input line 49.
Package epstopdf Info: Output file is already uptodate.

<capitulos/validacao/figuras/exp-eps-converted-to.pdf, id=2467, 1149.29375pt x 
199.74625pt>
File: capitulos/validacao/figuras/exp-eps-converted-to.pdf Graphic file (type p
df)
 <use capitulos/validacao/figuras/exp-eps-converted-to.pdf>
Package pdftex.def Info: capitulos/validacao/figuras/exp-eps-converted-to.pdf u
sed on input line 49.
(pdftex.def)             Requested size: 469.47046pt x 81.59169pt.
Package babel Info: Redefining portuges shorthand "|
(babel)             in language  on input line 53.
Package babel Info: Redefining portuges shorthand "|
(babel)             in language  on input line 53.

[46]
Package epstopdf Info: Source file: <capitulos/validacao/figuras/backlog.eps>
(epstopdf)                    date: 2014-11-03 21:10:36
(epstopdf)                    size: 50287 bytes
(epstopdf)             Output file: <capitulos/validacao/figuras/backlog-eps-co
nverted-to.pdf>
(epstopdf)                    date: 2014-11-11 19:06:01
(epstopdf)                    size: 44834 bytes
(epstopdf)             Command: <repstopdf --outfile=capitulos/validacao/figura
s/backlog-eps-converted-to.pdf capitulos/validacao/figuras/backlog.eps>
(epstopdf)             \includegraphics on input line 61.
Package epstopdf Info: Output file is already uptodate.

<capitulos/validacao/figuras/backlog-eps-converted-to.pdf, id=2472, 1147.28625p
t x 205.76875pt>
File: capitulos/validacao/figuras/backlog-eps-converted-to.pdf Graphic file (ty
pe pdf)

<use capitulos/validacao/figuras/backlog-eps-converted-to.pdf>
Package pdftex.def Info: capitulos/validacao/figuras/backlog-eps-converted-to.p
df used on input line 61.
(pdftex.def)             Requested size: 469.47046pt x 84.19931pt.
Package epstopdf Info: Source file: <capitulos/validacao/figuras/apoio.eps>
(epstopdf)                    date: 2014-11-03 21:10:36
(epstopdf)                    size: 52272 bytes
(epstopdf)             Output file: <capitulos/validacao/figuras/apoio-eps-conv
erted-to.pdf>
(epstopdf)                    date: 2014-11-11 19:06:03
(epstopdf)                    size: 47126 bytes
(epstopdf)             Command: <repstopdf --outfile=capitulos/validacao/figura
s/apoio-eps-converted-to.pdf capitulos/validacao/figuras/apoio.eps>
(epstopdf)             \includegraphics on input line 71.
Package epstopdf Info: Output file is already uptodate.

<capitulos/validacao/figuras/apoio-eps-converted-to.pdf, id=2473, 1147.28625pt 
x 196.735pt>
File: capitulos/validacao/figuras/apoio-eps-converted-to.pdf Graphic file (type
 pdf)
 <use capitulos/validacao/figuras/apoio-eps-converted-to.pdf>
Package pdftex.def Info: capitulos/validacao/figuras/apoio-eps-converted-to.pdf
 used on input line 71.
(pdftex.def)             Requested size: 469.47046pt x 80.50276pt.
Package epstopdf Info: Source file: <capitulos/validacao/figuras/adaptabilidade
.eps>
(epstopdf)                    date: 2014-11-03 21:10:36
(epstopdf)                    size: 51812 bytes
(epstopdf)             Output file: <capitulos/validacao/figuras/adaptabilidade
-eps-converted-to.pdf>
(epstopdf)                    date: 2014-11-11 19:06:04
(epstopdf)                    size: 47042 bytes
(epstopdf)             Command: <repstopdf --outfile=capitulos/validacao/figura
s/adaptabilidade-eps-converted-to.pdf capitulos/validacao/figuras/adaptabilidad
e.eps>
(epstopdf)             \includegraphics on input line 81.
Package epstopdf Info: Output file is already uptodate.

<capitulos/validacao/figuras/adaptabilidade-eps-converted-to.pdf, id=2474, 1149
.29375pt x 197.73875pt>
File: capitulos/validacao/figuras/adaptabilidade-eps-converted-to.pdf Graphic f
ile (type pdf)

<use capitulos/validacao/figuras/adaptabilidade-eps-converted-to.pdf>
Package pdftex.def Info: capitulos/validacao/figuras/adaptabilidade-eps-convert
ed-to.pdf used on input line 81.
(pdftex.def)             Requested size: 469.47046pt x 80.77168pt.
Package babel Info: Redefining portuges shorthand "|
(babel)             in language  on input line 85.
Package babel Info: Redefining portuges shorthand "|
(babel)             in language  on input line 85.
 [47 <./capitulos/validacao/figuras/exp-eps-converted-to.pdf> <./capitulos/vali
dacao/figuras/backlog-eps-converted-to.pdf> <./capitulos/validacao/figuras/apoi
o-eps-converted-to.pdf>]
Package epstopdf Info: Source file: <capitulos/validacao/figuras/confianca.eps>

(epstopdf)                    date: 2014-11-03 21:10:36
(epstopdf)                    size: 55138 bytes
(epstopdf)             Output file: <capitulos/validacao/figuras/confianca-eps-
converted-to.pdf>
(epstopdf)                    date: 2014-11-11 19:06:06
(epstopdf)                    size: 48235 bytes
(epstopdf)             Command: <repstopdf --outfile=capitulos/validacao/figura
s/confianca-eps-converted-to.pdf capitulos/validacao/figuras/confianca.eps>
(epstopdf)             \includegraphics on input line 91.
Package epstopdf Info: Output file is already uptodate.

<capitulos/validacao/figuras/confianca-eps-converted-to.pdf, id=2492, 1166.3575
pt x 200.75pt>
File: capitulos/validacao/figuras/confianca-eps-converted-to.pdf Graphic file (
type pdf)

<use capitulos/validacao/figuras/confianca-eps-converted-to.pdf>
Package pdftex.def Info: capitulos/validacao/figuras/confianca-eps-converted-to
.pdf used on input line 91.
(pdftex.def)             Requested size: 469.47046pt x 80.80399pt.
Package epstopdf Info: Source file: <capitulos/validacao/figuras/engajamento.ep
s>
(epstopdf)                    date: 2014-11-03 21:10:36
(epstopdf)                    size: 54578 bytes
(epstopdf)             Output file: <capitulos/validacao/figuras/engajamento-ep
s-converted-to.pdf>
(epstopdf)                    date: 2014-11-11 19:06:08
(epstopdf)                    size: 47759 bytes
(epstopdf)             Command: <repstopdf --outfile=capitulos/validacao/figura
s/engajamento-eps-converted-to.pdf capitulos/validacao/figuras/engajamento.eps>

(epstopdf)             \includegraphics on input line 101.
Package epstopdf Info: Output file is already uptodate.

<capitulos/validacao/figuras/engajamento-eps-converted-to.pdf, id=2493, 1165.35
374pt x 201.75375pt>
File: capitulos/validacao/figuras/engajamento-eps-converted-to.pdf Graphic file
 (type pdf)

<use capitulos/validacao/figuras/engajamento-eps-converted-to.pdf>
Package pdftex.def Info: capitulos/validacao/figuras/engajamento-eps-converted-
to.pdf used on input line 101.
(pdftex.def)             Requested size: 469.47046pt x 81.27574pt.
Package epstopdf Info: Source file: <capitulos/validacao/figuras/tech.eps>
(epstopdf)                    date: 2014-11-03 21:10:36
(epstopdf)                    size: 54067 bytes
(epstopdf)             Output file: <capitulos/validacao/figuras/tech-eps-conve
rted-to.pdf>
(epstopdf)                    date: 2014-11-11 19:06:09
(epstopdf)                    size: 75544 bytes
(epstopdf)             Command: <repstopdf --outfile=capitulos/validacao/figura
s/tech-eps-converted-to.pdf capitulos/validacao/figuras/tech.eps>
(epstopdf)             \includegraphics on input line 111.
Package epstopdf Info: Output file is already uptodate.

<capitulos/validacao/figuras/tech-eps-converted-to.pdf, id=2494, 1165.35374pt x
 188.705pt>
File: capitulos/validacao/figuras/tech-eps-converted-to.pdf Graphic file (type 
pdf)
 <use capitulos/validacao/figuras/tech-eps-converted-to.pdf>
Package pdftex.def Info: capitulos/validacao/figuras/tech-eps-converted-to.pdf 
used on input line 111.
(pdftex.def)             Requested size: 469.47046pt x 76.0191pt.
Package babel Info: Redefining portuges shorthand "|
(babel)             in language  on input line 115.
Package babel Info: Redefining portuges shorthand "|
(babel)             in language  on input line 115.

[48 <./capitulos/validacao/figuras/adaptabilidade-eps-converted-to.pdf> <./capi
tulos/validacao/figuras/confianca-eps-converted-to.pdf> <./capitulos/validacao/
figuras/engajamento-eps-converted-to.pdf>]
Package epstopdf Info: Source file: <capitulos/validacao/figuras/conhecimento.e
ps>
(epstopdf)                    date: 2014-11-03 21:10:36
(epstopdf)                    size: 53954 bytes
(epstopdf)             Output file: <capitulos/validacao/figuras/conhecimento-e
ps-converted-to.pdf>
(epstopdf)                    date: 2014-11-11 19:06:11
(epstopdf)                    size: 75083 bytes
(epstopdf)             Command: <repstopdf --outfile=capitulos/validacao/figura
s/conhecimento-eps-converted-to.pdf capitulos/validacao/figuras/conhecimento.ep
s>
(epstopdf)             \includegraphics on input line 121.
Package epstopdf Info: Output file is already uptodate.

<capitulos/validacao/figuras/conhecimento-eps-converted-to.pdf, id=2511, 1161.3
3875pt x 191.71625pt>
File: capitulos/validacao/figuras/conhecimento-eps-converted-to.pdf Graphic fil
e (type pdf)

<use capitulos/validacao/figuras/conhecimento-eps-converted-to.pdf>
Package pdftex.def Info: capitulos/validacao/figuras/conhecimento-eps-converted
-to.pdf used on input line 121.
(pdftex.def)             Requested size: 469.47046pt x 77.50131pt.
Package epstopdf Info: Source file: <capitulos/validacao/figuras/produtividade.
eps>
(epstopdf)                    date: 2014-11-03 21:10:36
(epstopdf)                    size: 53662 bytes
(epstopdf)             Output file: <capitulos/validacao/figuras/produtividade-
eps-converted-to.pdf>
(epstopdf)                    date: 2014-11-11 19:06:13
(epstopdf)                    size: 76035 bytes
(epstopdf)             Command: <repstopdf --outfile=capitulos/validacao/figura
s/produtividade-eps-converted-to.pdf capitulos/validacao/figuras/produtividade.
eps>
(epstopdf)             \includegraphics on input line 131.
Package epstopdf Info: Output file is already uptodate.

<capitulos/validacao/figuras/produtividade-eps-converted-to.pdf, id=2512, 1152.
305pt x 183.68625pt>
File: capitulos/validacao/figuras/produtividade-eps-converted-to.pdf Graphic fi
le (type pdf)

<use capitulos/validacao/figuras/produtividade-eps-converted-to.pdf>
Package pdftex.def Info: capitulos/validacao/figuras/produtividade-eps-converte
d-to.pdf used on input line 131.
(pdftex.def)             Requested size: 469.47046pt x 74.83815pt.
Package epstopdf Info: Source file: <capitulos/validacao/figuras/qualidade.eps>

(epstopdf)                    date: 2014-11-03 21:10:36
(epstopdf)                    size: 53667 bytes
(epstopdf)             Output file: <capitulos/validacao/figuras/qualidade-eps-
converted-to.pdf>
(epstopdf)                    date: 2014-11-11 19:06:14
(epstopdf)                    size: 48111 bytes
(epstopdf)             Command: <repstopdf --outfile=capitulos/validacao/figura
s/qualidade-eps-converted-to.pdf capitulos/validacao/figuras/qualidade.eps>
(epstopdf)             \includegraphics on input line 141.
Package epstopdf Info: Output file is already uptodate.

<capitulos/validacao/figuras/qualidade-eps-converted-to.pdf, id=2513, 1153.3087
5pt x 186.6975pt>
File: capitulos/validacao/figuras/qualidade-eps-converted-to.pdf Graphic file (
type pdf)

<use capitulos/validacao/figuras/qualidade-eps-converted-to.pdf>
Package pdftex.def Info: capitulos/validacao/figuras/qualidade-eps-converted-to
.pdf used on input line 141.
(pdftex.def)             Requested size: 469.47046pt x 75.99664pt.
Package babel Info: Redefining portuges shorthand "|
(babel)             in language  on input line 145.
Package babel Info: Redefining portuges shorthand "|
(babel)             in language  on input line 145.
 [49 <./capitulos/validacao/figuras/tech-eps-converted-to.pdf> <./capitulos/val
idacao/figuras/conhecimento-eps-converted-to.pdf> <./capitulos/validacao/figura
s/produtividade-eps-converted-to.pdf>]
Package epstopdf Info: Source file: <capitulos/validacao/figuras/tamanho.eps>
(epstopdf)                    date: 2014-11-03 21:10:36
(epstopdf)                    size: 53956 bytes
(epstopdf)             Output file: <capitulos/validacao/figuras/tamanho-eps-co
nverted-to.pdf>
(epstopdf)                    date: 2014-11-11 19:06:16
(epstopdf)                    size: 73499 bytes
(epstopdf)             Command: <repstopdf --outfile=capitulos/validacao/figura
s/tamanho-eps-converted-to.pdf capitulos/validacao/figuras/tamanho.eps>
(epstopdf)             \includegraphics on input line 151.
Package epstopdf Info: Output file is already uptodate.

<capitulos/validacao/figuras/tamanho-eps-converted-to.pdf, id=2531, 1145.27875p
t x 188.705pt>
File: capitulos/validacao/figuras/tamanho-eps-converted-to.pdf Graphic file (ty
pe pdf)
 <use capitulos/validacao/figuras/tamanho-eps-converted-to.pdf>
Package pdftex.def Info: capitulos/validacao/figuras/tamanho-eps-converted-to.p
df used on input line 151.
(pdftex.def)             Requested size: 469.47046pt x 77.35515pt.
Package epstopdf Info: Source file: <capitulos/validacao/figuras/paradigma.eps>

(epstopdf)                    date: 2014-11-03 21:10:36
(epstopdf)                    size: 55369 bytes
(epstopdf)             Output file: <capitulos/validacao/figuras/paradigma-eps-
converted-to.pdf>
(epstopdf)                    date: 2014-11-11 19:06:17
(epstopdf)                    size: 49212 bytes
(epstopdf)             Command: <repstopdf --outfile=capitulos/validacao/figura
s/paradigma-eps-converted-to.pdf capitulos/validacao/figuras/paradigma.eps>
(epstopdf)             \includegraphics on input line 161.
Package epstopdf Info: Output file is already uptodate.

<capitulos/validacao/figuras/paradigma-eps-converted-to.pdf, id=2532, 1150.2975
pt x 197.73875pt>
File: capitulos/validacao/figuras/paradigma-eps-converted-to.pdf Graphic file (
type pdf)

<use capitulos/validacao/figuras/paradigma-eps-converted-to.pdf>
Package pdftex.def Info: capitulos/validacao/figuras/paradigma-eps-converted-to
.pdf used on input line 161.
(pdftex.def)             Requested size: 469.47046pt x 80.70229pt.
Package epstopdf Info: Source file: <capitulos/validacao/figuras/remota.eps>
(epstopdf)                    date: 2014-11-03 21:10:36
(epstopdf)                    size: 51630 bytes
(epstopdf)             Output file: <capitulos/validacao/figuras/remota-eps-con
verted-to.pdf>
(epstopdf)                    date: 2014-11-11 19:06:18
(epstopdf)                    size: 73461 bytes
(epstopdf)             Command: <repstopdf --outfile=capitulos/validacao/figura
s/remota-eps-converted-to.pdf capitulos/validacao/figuras/remota.eps>
(epstopdf)             \includegraphics on input line 171.
Package epstopdf Info: Output file is already uptodate.

<capitulos/validacao/figuras/remota-eps-converted-to.pdf, id=2533, 1147.28625pt
 x 192.72pt>
File: capitulos/validacao/figuras/remota-eps-converted-to.pdf Graphic file (typ
e pdf)
 <use capitulos/validacao/figuras/remota-eps-converted-to.pdf>
Package pdftex.def Info: capitulos/validacao/figuras/remota-eps-converted-to.pd
f used on input line 171.
(pdftex.def)             Requested size: 469.47046pt x 78.85985pt.
Package babel Info: Redefining portuges shorthand "|
(babel)             in language  on input line 175.
Package babel Info: Redefining portuges shorthand "|
(babel)             in language  on input line 175.

[50 <./capitulos/validacao/figuras/qualidade-eps-converted-to.pdf> <./capitulos
/validacao/figuras/tamanho-eps-converted-to.pdf> <./capitulos/validacao/figuras
/paradigma-eps-converted-to.pdf>]
Package epstopdf Info: Source file: <capitulos/validacao/figuras/cultura.eps>
(epstopdf)                    date: 2014-11-03 21:10:36
(epstopdf)                    size: 54442 bytes
(epstopdf)             Output file: <capitulos/validacao/figuras/cultura-eps-co
nverted-to.pdf>
(epstopdf)                    date: 2014-11-11 19:06:20
(epstopdf)                    size: 47414 bytes
(epstopdf)             Command: <repstopdf --outfile=capitulos/validacao/figura
s/cultura-eps-converted-to.pdf capitulos/validacao/figuras/cultura.eps>
(epstopdf)             \includegraphics on input line 181.
Package epstopdf Info: Output file is already uptodate.

<capitulos/validacao/figuras/cultura-eps-converted-to.pdf, id=2550, 1169.36874p
t x 195.73125pt>
File: capitulos/validacao/figuras/cultura-eps-converted-to.pdf Graphic file (ty
pe pdf)

<use capitulos/validacao/figuras/cultura-eps-converted-to.pdf>
Package pdftex.def Info: capitulos/validacao/figuras/cultura-eps-converted-to.p
df used on input line 181.
(pdftex.def)             Requested size: 469.47046pt x 78.5808pt.
Package epstopdf Info: Source file: <capitulos/validacao/figuras/ranking.eps>
(epstopdf)                    date: 2014-11-03 21:10:36
(epstopdf)                    size: 126419 bytes
(epstopdf)             Output file: <capitulos/validacao/figuras/ranking-eps-co
nverted-to.pdf>
(epstopdf)                    date: 2014-11-11 19:06:21
(epstopdf)                    size: 167001 bytes
(epstopdf)             Command: <repstopdf --outfile=capitulos/validacao/figura
s/ranking-eps-converted-to.pdf capitulos/validacao/figuras/ranking.eps>
(epstopdf)             \includegraphics on input line 191.
Package epstopdf Info: Output file is already uptodate.

<capitulos/validacao/figuras/ranking-eps-converted-to.pdf, id=2551, 1091.07625p
t x 576.1525pt>
File: capitulos/validacao/figuras/ranking-eps-converted-to.pdf Graphic file (ty
pe pdf)
 <use capitulos/validacao/figuras/ranking-eps-converted-to.pdf>
Package pdftex.def Info: capitulos/validacao/figuras/ranking-eps-converted-to.p
df used on input line 191.
(pdftex.def)             Requested size: 469.47046pt x 247.90778pt.
Package babel Info: Redefining portuges shorthand "|
(babel)             in language  on input line 195.
Package babel Info: Redefining portuges shorthand "|
(babel)             in language  on input line 195.

[51 <./capitulos/validacao/figuras/remota-eps-converted-to.pdf> <./capitulos/va
lidacao/figuras/cultura-eps-converted-to.pdf>])
Package babel Info: Redefining portuges shorthand "|
(babel)             in language  on input line 131.
Package babel Info: Redefining portuges shorthand "|
(babel)             in language  on input line 131.
 [52 <./capitulos/validacao/figuras/ranking-eps-converted-to.pdf>]
\openout2 = `capitulos/conclusoes/conclusoes.aux'.

 (./capitulos/conclusoes/conclusoes.tex
Cap\'{\i }tulo 5.
Package babel Info: Redefining portuges shorthand "|
(babel)             in language  on input line 1.
Package babel Info: Redefining portuges shorthand "|
(babel)             in language  on input line 5.
Package babel Info: Redefining portuges shorthand "|
(babel)             in language  on input line 12.
Package babel Info: Redefining portuges shorthand "|
(babel)             in language  on input line 12.
[53



]
Package babel Info: Redefining portuges shorthand "|
(babel)             in language  on input line 15.
)
Package babel Info: Redefining portuges shorthand "|
(babel)             in language  on input line 132.
Package babel Info: Redefining portuges shorthand "|
(babel)             in language  on input line 132.
 [54] (./tcc.bbl
Package babel Info: Redefining portuges shorthand "|
(babel)             in language  on input line 56.
Package babel Info: Redefining portuges shorthand "|
(babel)             in language  on input line 56.
 [55


]
Underfull \hbox (badness 10000) in paragraph at lines 64--69
\OT1/cmtt/m/n/12 / / jamescrisp . org / 2011 / 05 / 30 / automated-[]testing-[]
and-[]the-[]test-[]pyramid/$[]\OT1/cmr/m/n/12 .
 []


Underfull \hbox (badness 10000) in paragraph at lines 103--109
[]\OT1/cmr/m/n/12 Thais Dal-cin e Luiz C. Par-zi-nello.  Im-plan-tando a cul-
 []


Underfull \hbox (badness 10000) in paragraph at lines 103--109
\OT1/cmr/m/n/12 tura []Agil em larga es-cala.  Apre-sen-tado em: Agile Bra-zil,

 []


Underfull \hbox (badness 10000) in paragraph at lines 103--109
\OT1/cmr/m/n/12 2012.  Dis-pon^^S^^Pvel em: []$\OT1/cmtt/m/n/12 http : / / www 
. slideshare . net / parzianello /
 []


Underfull \hbox (badness 10000) in paragraph at lines 103--109
\OT1/cmtt/m/n/12 implantando-[]a-[]cultura-[]gil-[]em-[]larga-[]escala-[]o-[]ca
se-[]do-[]grupo-[]rbs$[]\OT1/cmr/m/n/12 . Aces-sado
 []


Underfull \hbox (badness 6428) in paragraph at lines 111--117
[]\OT1/cmr/m/n/12 Guilherme Fer-reira e Ra-fael Val^^Serio.  4 ati-tu-des para 
me-lho-rar a agi-
 []


Underfull \hbox (badness 10000) in paragraph at lines 111--117
\OT1/cmr/m/n/12 li-dade de uma em-presa. na pr^^Satica.  Apre-sen-tado em: Agil
e Bra-zil,
 []


Underfull \hbox (badness 10000) in paragraph at lines 111--117
\OT1/cmr/m/n/12 2013.  Dis-pon^^S^^Pvel em: []$\OT1/cmtt/m/n/12 http : / / www 
. slideshare . net / rafaelvalerio311 /
 []


Underfull \hbox (badness 10000) in paragraph at lines 111--117
\OT1/cmtt/m/n/12 4-[]atitudes-[]para-[]melhorar-[]a-[]agilidade-[]de-[]uma-[]em
presa-[]na-[]prtica$[]\OT1/cmr/m/n/12 . Aces-sado
 []

Package babel Info: Redefining portuges shorthand "|
(babel)             in language  on input line 117.
Package babel Info: Redefining portuges shorthand "|
(babel)             in language  on input line 117.
[56]
Underfull \hbox (badness 1721) in paragraph at lines 151--158
[]\OT1/cmr/m/n/12 Alexis Hui.  Lean change: Ena-bling agile trans-for-ma-tion t
h-rough lean star-
 []


Underfull \hbox (badness 2285) in paragraph at lines 151--158
\OT1/cmr/m/n/12 tup, kan-ban, and kot-ter.  Apre-sen-tado em: Agile, 2013.  Dis
-pon^^S^^Pvel em:
 []


Underfull \hbox (badness 10000) in paragraph at lines 151--158
[]$\OT1/cmtt/m/n/12 https : / / submissions . agilealliance . org / system / at
tachments / attachments /
 []


Underfull \hbox (badness 10000) in paragraph at lines 151--158
\OT1/cmtt/m/n/12 000 / 000 / 056 / original / Agile _ 2013 _ -[] _ Lean _ Chang
e _ for _ Enabling _ Agile _
 []

Package babel Info: Redefining portuges shorthand "|
(babel)             in language  on input line 178.
Package babel Info: Redefining portuges shorthand "|
(babel)             in language  on input line 178.
[57]
Package babel Info: Redefining portuges shorthand "|
(babel)             in language  on input line 234.
Package babel Info: Redefining portuges shorthand "|
(babel)             in language  on input line 234.
 [58]
Underfull \hbox (badness 10000) in paragraph at lines 264--270
\OT1/cmtt/m/n/12 agile-[]2012-[]an-[]agile-[]adoption-[]and-[]transformation-[]
survival-[]guide ? from _
 []


Underfull \hbox (badness 1694) in paragraph at lines 280--286
[]\OT1/cmr/m/n/12 Alister Scott.  In-tro-du-cing the soft-ware tes-ting ice-cre
am cone (anti-pattern),
 []


Underfull \hbox (badness 10000) in paragraph at lines 280--286
\OT1/cmr/m/n/12 Ja-nu-ary 2012.  Dis-pon^^S^^Pvel em: []$\OT1/cmtt/m/n/12 http 
: / / watirmelon . com / 2012 / 01 / 31 /
 []


Underfull \hbox (badness 8000) in paragraph at lines 288--294
[]\OT1/cmr/m/n/12 Ahmed Sidky.  Value-driven agile adop-tion.  Apre-sen-tado em
: Agile
 []


Underfull \hbox (badness 10000) in paragraph at lines 288--294
\OT1/cmr/m/n/12 Mum-bai, 2008.  Dis-pon^^S^^Pvel em: []$\OT1/cmtt/m/n/12 http :
 / / pt . slideshare . net / nashjain /
 []

Package babel Info: Redefining portuges shorthand "|
(babel)             in language  on input line 302.
Package babel Info: Redefining portuges shorthand "|
(babel)             in language  on input line 302.
[59])
Package atveryend Info: Empty hook `BeforeClearDocument' on input line 145.
Package babel Info: Redefining portuges shorthand "|
(babel)             in language  on input line 145.
Package babel Info: Redefining portuges shorthand "|
(babel)             in language  on input line 145.
 [60]
Package atveryend Info: Empty hook `AfterLastShipout' on input line 145.
 (./tcc.aux (./prefacios/capa/capa.aux)
(./prefacios/folha_rosto/folha_rosto.aux) (./prefacios/resumo/resumo.aux)
(./prefacios/abstract/abstract.aux) (./capitulos/introducao/introducao.aux)
(./capitulos/literatura/literatura.aux) (./capitulos/las/analise_las.aux)
(./capitulos/validacao/validacao.aux) (./capitulos/conclusoes/conclusoes.aux))
Package atveryend Info: Executing hook `AtVeryEndDocument' on input line 145.
Package atveryend Info: Executing hook `AtEndAfterFileList' on input line 145.
Package rerunfilecheck Info: File `tcc.out' has not changed.
(rerunfilecheck)             Checksum: DA302191EA20AF4BA000BA9AD32B3FC2;3137.
Package atveryend Info: Empty hook `AtVeryVeryEnd' on input line 145.
 ) 
Here is how much of TeX's memory you used:
 9374 strings out of 493117
 144095 string characters out of 6135433
 283561 words of memory out of 5000000
 12312 multiletter control sequences out of 15000+600000
 11550 words of font info for 45 fonts, out of 8000000 for 9000
 1141 hyphenation exceptions out of 8191
 36i,13n,49p,3075b,554s stack positions out of 5000i,500n,10000p,200000b,80000s
</usr/local/texlive/2014/texmf-dist/fonts/type1/public/amsfonts/cm/cmbx12.pfb
></usr/local/texlive/2014/texmf-dist/fonts/type1/public/amsfonts/cm/cmr12.pfb><
/usr/local/texlive/2014/texmf-dist/fonts/type1/public/amsfonts/cm/cmr17.pfb></u
sr/local/texlive/2014/texmf-dist/fonts/type1/public/amsfonts/cm/cmss12.pfb></us
r/local/texlive/2014/texmf-dist/fonts/type1/public/amsfonts/cm/cmsy10.pfb></usr
/local/texlive/2014/texmf-dist/fonts/type1/public/amsfonts/cm/cmti12.pfb></usr/
local/texlive/2014/texmf-dist/fonts/type1/public/amsfonts/cm/cmtt12.pfb>
Output written on tcc.pdf (74 pages, 1948754 bytes).
PDF statistics:
 2733 PDF objects out of 2984 (max. 8388607)
 1381 compressed objects within 14 object streams
 257 named destinations out of 1000 (max. 500000)
 496 words of extra memory for PDF output out of 10000 (max. 10000000)

