\BOOKMARK [0][-]{chapter.1}{Introdu\347\343o}{}% 1
\BOOKMARK [1][-]{section.1.1}{Apresenta\347\343o}{chapter.1}% 2
\BOOKMARK [1][-]{section.1.2}{Justificativas}{chapter.1}% 3
\BOOKMARK [1][-]{section.1.3}{Objetivos}{chapter.1}% 4
\BOOKMARK [1][-]{section.1.4}{Contribui\347\365es obtidas}{chapter.1}% 5
\BOOKMARK [1][-]{section.1.5}{Organiza\347\343o do trabalho}{chapter.1}% 6
\BOOKMARK [0][-]{chapter.2}{Revis\343o da Literatura}{}% 7
\BOOKMARK [1][-]{section.2.1}{Artigos cient\355ficos}{chapter.2}% 8
\BOOKMARK [2][-]{subsection.2.1.1}{M\351todo de pesquisa}{section.2.1}% 9
\BOOKMARK [2][-]{subsection.2.1.2}{Artigos selecionados}{section.2.1}% 10
\BOOKMARK [1][-]{section.2.2}{Relatos de experi\352ncia}{chapter.2}% 11
\BOOKMARK [2][-]{subsection.2.2.1}{M\351todo de pesquisa}{section.2.2}% 12
\BOOKMARK [2][-]{subsection.2.2.2}{Relatos selecionados}{section.2.2}% 13
\BOOKMARK [0][-]{chapter.3}{An\341lise das Li\347\365es Aprendidas Coletadas}{}% 14
\BOOKMARK [1][-]{section.3.1}{Mapeamento e categoriza\347\343o}{chapter.3}% 15
\BOOKMARK [1][-]{section.3.2}{An\341lises das li\347\365es aprendidas}{chapter.3}% 16
\BOOKMARK [2][-]{subsection.3.2.1}{Experi\352ncia, treinamento e aprendizado}{section.3.2}% 17
\BOOKMARK [2][-]{subsection.3.2.2}{Planejamento e gerenciamento de backlog}{section.3.2}% 18
\BOOKMARK [2][-]{subsection.3.2.3}{Apoio gerencial e dos clientes}{section.3.2}% 19
\BOOKMARK [2][-]{subsection.3.2.4}{Customiza\347\343o e adaptabilidade}{section.3.2}% 20
\BOOKMARK [2][-]{subsection.3.2.5}{Confian\347a do time}{section.3.2}% 21
\BOOKMARK [2][-]{subsection.3.2.6}{Engajamento, comprometimento, disciplina e trabalho em equipe}{section.3.2}% 22
\BOOKMARK [2][-]{subsection.3.2.7}{Aspectos t\351cnicos e tecnol\363gicos}{section.3.2}% 23
\BOOKMARK [2][-]{subsection.3.2.8}{Compartilhamento de conhecimento}{section.3.2}% 24
\BOOKMARK [2][-]{subsection.3.2.9}{Velocidade de entrega e produtividade}{section.3.2}% 25
\BOOKMARK [2][-]{subsection.3.2.10}{Qualidade do produto final}{section.3.2}% 26
\BOOKMARK [2][-]{subsection.3.2.11}{Tamanho da organiza\347\343o}{section.3.2}% 27
\BOOKMARK [2][-]{subsection.3.2.12}{Quebra de paradigma}{section.3.2}% 28
\BOOKMARK [2][-]{subsection.3.2.13}{Comunica\347\343o remota}{section.3.2}% 29
\BOOKMARK [2][-]{subsection.3.2.14}{Cultura organizacional}{section.3.2}% 30
\BOOKMARK [0][-]{chapter.4}{Valida\347\343o das Categorias de Li\347\365es Aprendidas}{}% 31
\BOOKMARK [1][-]{section.4.1}{M\351todo de valida\347\343o}{chapter.4}% 32
\BOOKMARK [2][-]{subsection.4.1.1}{Defini\347\343o do objetivo}{section.4.1}% 33
\BOOKMARK [2][-]{subsection.4.1.2}{Elabora\347\343o do question\341rio}{section.4.1}% 34
\BOOKMARK [2][-]{subsection.4.1.3}{Defini\347\343o da popula\347\343o pesquisada}{section.4.1}% 35
\BOOKMARK [2][-]{subsection.4.1.4}{Aplica\347\343o do question\341rio}{section.4.1}% 36
\BOOKMARK [2][-]{subsection.4.1.5}{An\341lise dos resultados}{section.4.1}% 37
\BOOKMARK [0][-]{chapter.5}{Considera\347\365es Finais}{}% 38
\BOOKMARK [1][-]{section.5.1}{Conclus\343o da pesquisa}{chapter.5}% 39
\BOOKMARK [1][-]{section.5.2}{Trabalhos futuros}{chapter.5}% 40
